2023-03-01 17:52:23.468 m.b.ConsumeBolt Thread-14-consume-executor[2, 2] [INFO] input = [2,2,117,-1,-1,-1,-1,-1,-1,0,-1,-1,-1,-1,-1]
2023-03-01 17:52:23.470 m.b.ConsumeBolt Thread-14-consume-executor[2, 2] [INFO] input = [2,12,236,-1,-1,-1,-1,-1,-1,3,-1,-1,-1,-1,-1]
2023-03-01 17:52:23.471 m.b.ConsumeBolt Thread-14-consume-executor[2, 2] [INFO] input = [2,32,126,-1,-1,-1,-1,-1,-1,4,-1,-1,-1,-1,-1]
2023-03-01 17:52:23.473 m.b.ConsumeBolt Thread-14-consume-executor[2, 2] [INFO] input = [2,41,589,-1,-1,-1,-1,-1,-1,6,-1,-1,-1,-1,-1]
2023-03-01 17:52:23.473 m.b.ConsumeBolt Thread-14-consume-executor[2, 2] [INFO] input = [2,43,259,-1,-1,-1,-1,-1,-1,7,-1,-1,-1,-1,-1]
2023-03-01 17:52:23.474 m.b.ConsumeBolt Thread-14-consume-executor[2, 2] [INFO] input = [2,43,609,-1,-1,-1,-1,-1,-1,8,-1,-1,-1,-1,-1]
2023-03-01 17:52:23.476 m.b.ConsumeBolt Thread-14-consume-executor[2, 2] [INFO] input = [2,45,637,-1,-1,-1,-1,-1,-1,9,-1,-1,-1,-1,-1]
2023-03-01 17:52:23.477 m.b.ConsumeBolt Thread-14-consume-executor[2, 2] [INFO] input = [2,52,363,-1,-1,-1,-1,-1,-1,13,-1,-1,-1,-1,-1]
2023-03-01 17:52:23.478 m.b.ConsumeBolt Thread-14-consume-executor[2, 2] [INFO] input = [2,68,552,-1,-1,-1,-1,-1,-1,17,-1,-1,-1,-1,-1]
2023-03-01 17:52:23.479 m.b.ConsumeBolt Thread-14-consume-executor[2, 2] [INFO] input = [2,76,1011,-1,-1,-1,-1,-1,-1,19,-1,-1,-1,-1,-1]
2023-03-01 17:52:23.480 m.b.ConsumeBolt Thread-14-consume-executor[2, 2] [INFO] input = [2,96,1240,-1,-1,-1,-1,-1,-1,26,-1,-1,-1,-1,-1]
2023-03-01 17:52:23.481 m.b.ConsumeBolt Thread-14-consume-executor[2, 2] [INFO] input = [2,99,947,-1,-1,-1,-1,-1,-1,27,-1,-1,-1,-1,-1]
2023-03-01 17:52:23.482 m.b.ConsumeBolt Thread-14-consume-executor[2, 2] [INFO] input = [2,107,1023,-1,-1,-1,-1,-1,-1,29,-1,-1,-1,-1,-1]
2023-03-01 17:52:23.482 m.b.ConsumeBolt Thread-14-consume-executor[2, 2] [INFO] input = [2,107,1386,-1,-1,-1,-1,-1,-1,30,-1,-1,-1,-1,-1]
2023-03-01 17:52:23.483 m.b.ConsumeBolt Thread-14-consume-executor[2, 2] [INFO] input = [2,112,727,-1,-1,-1,-1,-1,-1,31,-1,-1,-1,-1,-1]
2023-03-01 17:52:23.484 m.b.ConsumeBolt Thread-14-consume-executor[2, 2] [INFO] input = [2,112,366,-1,-1,-1,-1,-1,-1,32,-1,-1,-1,-1,-1]
2023-03-01 17:52:23.485 m.b.ConsumeBolt Thread-14-consume-executor[2, 2] [INFO] input = [2,114,1453,-1,-1,-1,-1,-1,-1,34,-1,-1,-1,-1,-1]
2023-03-01 17:52:23.486 m.b.ConsumeBolt Thread-14-consume-executor[2, 2] [INFO] input = [2,116,424,-1,-1,-1,-1,-1,-1,36,-1,-1,-1,-1,-1]
2023-03-01 17:52:23.486 m.b.ConsumeBolt Thread-14-consume-executor[2, 2] [INFO] input = [2,134,1346,-1,-1,-1,-1,-1,-1,41,-1,-1,-1,-1,-1]
2023-03-01 17:52:23.487 m.b.ConsumeBolt Thread-14-consume-executor[2, 2] [INFO] input = [2,145,1461,-1,-1,-1,-1,-1,-1,45,-1,-1,-1,-1,-1]
2023-03-01 17:52:23.488 m.b.ConsumeBolt Thread-14-consume-executor[2, 2] [INFO] input = [2,148,1155,-1,-1,-1,-1,-1,-1,46,-1,-1,-1,-1,-1]
2023-03-01 17:52:23.489 m.b.ConsumeBolt Thread-14-consume-executor[2, 2] [INFO] input = [2,151,1813,-1,-1,-1,-1,-1,-1,47,-1,-1,-1,-1,-1]
2023-03-01 17:52:23.491 m.b.ConsumeBolt Thread-14-consume-executor[2, 2] [INFO] input = [2,152,859,-1,-1,-1,-1,-1,-1,48,-1,-1,-1,-1,-1]
2023-03-01 17:52:23.492 m.b.ConsumeBolt Thread-14-consume-executor[2, 2] [INFO] input = [2,155,1233,-1,-1,-1,-1,-1,-1,49,-1,-1,-1,-1,-1]
2023-03-01 17:52:23.493 m.b.ConsumeBolt Thread-14-consume-executor[2, 2] [INFO] input = [2,156,917,-1,-1,-1,-1,-1,-1,50,-1,-1,-1,-1,-1]
2023-03-01 17:52:23.494 m.b.ConsumeBolt Thread-14-consume-executor[2, 2] [INFO] input = [2,161,593,-1,-1,-1,-1,-1,-1,51,-1,-1,-1,-1,-1]
2023-03-01 17:52:23.495 m.b.ConsumeBolt Thread-14-consume-executor[2, 2] [INFO] input = [2,168,1044,-1,-1,-1,-1,-1,-1,55,-1,-1,-1,-1,-1]
2023-03-01 17:52:23.496 m.b.ConsumeBolt Thread-14-consume-executor[2, 2] [INFO] input = [2,169,1057,-1,-1,-1,-1,-1,-1,58,-1,-1,-1,-1,-1]
2023-03-01 17:52:23.497 m.b.ConsumeBolt Thread-14-consume-executor[2, 2] [INFO] input = [2,169,1040,-1,-1,-1,-1,-1,-1,59,-1,-1,-1,-1,-1]
2023-03-01 17:52:23.497 m.b.ConsumeBolt Thread-14-consume-executor[2, 2] [INFO] input = [2,172,2014,-1,-1,-1,-1,-1,-1,61,-1,-1,-1,-1,-1]
2023-03-01 17:52:23.498 m.b.ConsumeBolt Thread-14-consume-executor[2, 2] [INFO] input = [2,172,2028,-1,-1,-1,-1,-1,-1,62,-1,-1,-1,-1,-1]
2023-03-01 17:52:23.499 m.b.ConsumeBolt Thread-14-consume-executor[2, 2] [INFO] input = [2,173,383,-1,-1,-1,-1,-1,-1,63,-1,-1,-1,-1,-1]
2023-03-01 17:52:23.500 m.b.ConsumeBolt Thread-14-consume-executor[2, 2] [INFO] input = [2,176,1131,-1,-1,-1,-1,-1,-1,64,-1,-1,-1,-1,-1]
2023-03-01 17:52:23.500 m.b.ConsumeBolt Thread-14-consume-executor[2, 2] [INFO] input = [2,177,428,-1,-1,-1,-1,-1,-1,65,-1,-1,-1,-1,-1]
2023-03-01 17:52:23.501 m.b.ConsumeBolt Thread-14-consume-executor[2, 2] [INFO] input = [2,180,1798,-1,-1,-1,-1,-1,-1,66,-1,-1,-1,-1,-1]
2023-03-01 17:52:23.502 m.b.ConsumeBolt Thread-14-consume-executor[2, 2] [INFO] input = [2,184,889,-1,-1,-1,-1,-1,-1,70,-1,-1,-1,-1,-1]
2023-03-01 17:52:23.503 m.b.ConsumeBolt Thread-14-consume-executor[2, 2] [INFO] input = [2,191,2191,-1,-1,-1,-1,-1,-1,74,-1,-1,-1,-1,-1]
2023-03-01 17:52:23.503 m.b.ConsumeBolt Thread-14-consume-executor[2, 2] [INFO] input = [2,192,603,-1,-1,-1,-1,-1,-1,75,-1,-1,-1,-1,-1]
2023-03-01 17:52:23.504 m.b.ConsumeBolt Thread-14-consume-executor[2, 2] [INFO] input = [2,193,1940,-1,-1,-1,-1,-1,-1,76,-1,-1,-1,-1,-1]
2023-03-01 17:52:23.505 m.b.ConsumeBolt Thread-14-consume-executor[2, 2] [INFO] input = [2,193,976,-1,-1,-1,-1,-1,-1,77,-1,-1,-1,-1,-1]
2023-03-01 17:52:23.506 m.b.ConsumeBolt Thread-14-consume-executor[2, 2] [INFO] input = [2,196,1965,-1,-1,-1,-1,-1,-1,79,-1,-1,-1,-1,-1]
2023-03-01 17:52:23.507 m.b.ConsumeBolt Thread-14-consume-executor[2, 2] [INFO] input = [2,197,1023,-1,-1,-1,-1,-1,-1,81,-1,-1,-1,-1,-1]
2023-03-01 17:52:23.508 m.b.ConsumeBolt Thread-14-consume-executor[2, 2] [INFO] input = [2,199,1990,-1,-1,-1,-1,-1,-1,83,-1,-1,-1,-1,-1]
2023-03-01 17:52:23.508 m.b.ConsumeBolt Thread-14-consume-executor[2, 2] [INFO] input = [2,199,2001,-1,-1,-1,-1,-1,-1,84,-1,-1,-1,-1,-1]
2023-03-01 17:52:23.509 m.b.ConsumeBolt Thread-14-consume-executor[2, 2] [INFO] input = [2,199,326,-1,-1,-1,-1,-1,-1,86,-1,-1,-1,-1,-1]
2023-03-01 17:52:23.510 m.b.ConsumeBolt Thread-14-consume-executor[2, 2] [INFO] input = [2,201,1712,-1,-1,-1,-1,-1,-1,89,-1,-1,-1,-1,-1]
2023-03-01 17:52:23.511 m.b.ConsumeBolt Thread-14-consume-executor[2, 2] [INFO] input = [2,202,1717,-1,-1,-1,-1,-1,-1,90,-1,-1,-1,-1,-1]
2023-03-01 17:52:23.512 m.b.ConsumeBolt Thread-14-consume-executor[2, 2] [INFO] input = [2,205,416,-1,-1,-1,-1,-1,-1,93,-1,-1,-1,-1,-1]
2023-03-01 17:52:23.512 m.b.ConsumeBolt Thread-14-consume-executor[2, 2] [INFO] input = [2,206,1762,-1,-1,-1,-1,-1,-1,95,-1,-1,-1,-1,-1]
2023-03-01 17:52:23.513 m.b.ConsumeBolt Thread-14-consume-executor[2, 2] [INFO] input = [2,208,2324,-1,-1,-1,-1,-1,-1,97,-1,-1,-1,-1,-1]
2023-03-01 17:52:23.514 m.b.ConsumeBolt Thread-14-consume-executor[2, 2] [INFO] input = [2,213,137,-1,-1,-1,-1,-1,-1,99,-1,-1,-1,-1,-1]
2023-03-01 17:52:23.514 m.b.ConsumeBolt Thread-14-consume-executor[2, 2] [INFO] input = [2,213,2380,-1,-1,-1,-1,-1,-1,100,-1,-1,-1,-1,-1]
2023-03-01 17:52:23.515 m.b.ConsumeBolt Thread-14-consume-executor[2, 2] [INFO] input = [2,220,1291,-1,-1,-1,-1,-1,-1,104,-1,-1,-1,-1,-1]
2023-03-01 17:52:23.516 m.b.ConsumeBolt Thread-14-consume-executor[2, 2] [INFO] input = [2,220,582,-1,-1,-1,-1,-1,-1,105,-1,-1,-1,-1,-1]
2023-03-01 17:52:23.516 m.b.ConsumeBolt Thread-14-consume-executor[2, 2] [INFO] input = [2,220,1270,-1,-1,-1,-1,-1,-1,106,-1,-1,-1,-1,-1]
2023-03-01 17:52:23.517 m.b.ConsumeBolt Thread-14-consume-executor[2, 2] [INFO] input = [2,221,1297,-1,-1,-1,-1,-1,-1,107,-1,-1,-1,-1,-1]
2023-03-01 17:52:23.518 m.b.ConsumeBolt Thread-14-consume-executor[2, 2] [INFO] input = [2,221,1613,-1,-1,-1,-1,-1,-1,108,-1,-1,-1,-1,-1]
2023-03-01 17:52:23.519 m.b.ConsumeBolt Thread-14-consume-executor[2, 2] [INFO] input = [2,224,2221,-1,-1,-1,-1,-1,-1,109,-1,-1,-1,-1,-1]
2023-03-01 17:52:23.519 m.b.ConsumeBolt Thread-14-consume-executor[2, 2] [INFO] input = [2,224,263,-1,-1,-1,-1,-1,-1,110,-1,-1,-1,-1,-1]
2023-03-01 17:52:23.520 m.b.ConsumeBolt Thread-14-consume-executor[2, 2] [INFO] input = [2,230,1059,-1,-1,-1,-1,-1,-1,114,-1,-1,-1,-1,-1]
2023-03-01 17:52:23.521 m.b.ConsumeBolt Thread-14-consume-executor[2, 2] [INFO] input = [2,232,376,-1,-1,-1,-1,-1,-1,115,-1,-1,-1,-1,-1]
2023-03-01 17:52:23.521 m.b.ConsumeBolt Thread-14-consume-executor[2, 2] [INFO] input = [2,232,2281,-1,-1,-1,-1,-1,-1,116,-1,-1,-1,-1,-1]
2023-03-01 17:52:23.522 m.b.ConsumeBolt Thread-14-consume-executor[2, 2] [INFO] input = [2,232,1428,-1,-1,-1,-1,-1,-1,117,-1,-1,-1,-1,-1]
2023-03-01 17:52:23.522 m.b.ConsumeBolt Thread-14-consume-executor[2, 2] [INFO] input = [2,234,2584,-1,-1,-1,-1,-1,-1,118,-1,-1,-1,-1,-1]
2023-03-01 17:52:23.523 m.b.ConsumeBolt Thread-14-consume-executor[2, 2] [INFO] input = [2,234,2289,-1,-1,-1,-1,-1,-1,119,-1,-1,-1,-1,-1]
2023-03-01 17:52:23.523 m.b.ConsumeBolt Thread-14-consume-executor[2, 2] [INFO] input = [2,240,1170,-1,-1,-1,-1,-1,-1,122,-1,-1,-1,-1,-1]
2023-03-01 17:52:23.524 m.b.ConsumeBolt Thread-14-consume-executor[2, 2] [INFO] input = [2,242,1529,-1,-1,-1,-1,-1,-1,125,-1,-1,-1,-1,-1]
2023-03-01 17:52:23.525 m.b.ConsumeBolt Thread-14-consume-executor[2, 2] [INFO] input = [2,242,1206,-1,-1,-1,-1,-1,-1,126,-1,-1,-1,-1,-1]
2023-03-01 17:52:23.525 m.b.ConsumeBolt Thread-14-consume-executor[2, 2] [INFO] input = [2,243,2665,-1,-1,-1,-1,-1,-1,127,-1,-1,-1,-1,-1]
2023-03-01 17:52:23.526 m.b.ConsumeBolt Thread-14-consume-executor[2, 2] [INFO] input = [2,246,531,-1,-1,-1,-1,-1,-1,130,-1,-1,-1,-1,-1]
2023-03-01 17:52:23.527 m.b.ConsumeBolt Thread-14-consume-executor[2, 2] [INFO] input = [2,249,207,-1,-1,-1,-1,-1,-1,132,-1,-1,-1,-1,-1]
2023-03-01 17:52:23.528 m.b.ConsumeBolt Thread-14-consume-executor[2, 2] [INFO] input = [2,251,1611,-1,-1,-1,-1,-1,-1,134,-1,-1,-1,-1,-1]
2023-03-01 17:52:23.528 m.b.ConsumeBolt Thread-14-consume-executor[2, 2] [INFO] input = [2,257,1666,-1,-1,-1,-1,-1,-1,136,-1,-1,-1,-1,-1]
2023-03-01 17:52:23.529 m.b.ConsumeBolt Thread-14-consume-executor[2, 2] [INFO] input = [2,257,1021,-1,-1,-1,-1,-1,-1,137,-1,-1,-1,-1,-1]
2023-03-01 17:52:23.529 m.b.ConsumeBolt Thread-14-consume-executor[2, 2] [INFO] input = [2,260,2264,-1,-1,-1,-1,-1,-1,141,-1,-1,-1,-1,-1]
2023-03-01 17:52:23.530 m.b.ConsumeBolt Thread-14-consume-executor[2, 2] [INFO] input = [2,262,366,-1,-1,-1,-1,-1,-1,143,-1,-1,-1,-1,-1]
2023-03-01 17:52:23.531 m.b.ConsumeBolt Thread-14-consume-executor[2, 2] [INFO] input = [2,264,2290,-1,-1,-1,-1,-1,-1,146,-1,-1,-1,-1,-1]
2023-03-01 17:52:23.531 m.b.ConsumeBolt Thread-14-consume-executor[2, 2] [INFO] input = [2,265,415,-1,-1,-1,-1,-1,-1,147,-1,-1,-1,-1,-1]
2023-03-01 17:52:23.532 m.b.ConsumeBolt Thread-14-consume-executor[2, 2] [INFO] input = [2,269,2629,-1,-1,-1,-1,-1,-1,149,-1,-1,-1,-1,-1]
2023-03-01 17:52:23.532 m.b.ConsumeBolt Thread-14-consume-executor[2, 2] [INFO] input = [2,271,2104,-1,-1,-1,-1,-1,-1,152,-1,-1,-1,-1,-1]
2023-03-01 17:52:23.533 m.b.ConsumeBolt Thread-14-consume-executor[2, 2] [INFO] input = [2,273,869,-1,-1,-1,-1,-1,-1,153,-1,-1,-1,-1,-1]
2023-03-01 17:52:23.534 m.b.ConsumeBolt Thread-14-consume-executor[2, 2] [INFO] input = [2,273,496,-1,-1,-1,-1,-1,-1,155,-1,-1,-1,-1,-1]
2023-03-01 17:52:23.535 m.b.ConsumeBolt Thread-14-consume-executor[2, 2] [INFO] input = [2,274,900,-1,-1,-1,-1,-1,-1,157,-1,-1,-1,-1,-1]
2023-03-01 17:52:23.535 m.b.ConsumeBolt Thread-14-consume-executor[2, 2] [INFO] input = [2,279,944,-1,-1,-1,-1,-1,-1,159,-1,-1,-1,-1,-1]
2023-03-01 17:52:23.535 m.b.ConsumeBolt Thread-14-consume-executor[2, 2] [INFO] input = [2,283,2210,-1,-1,-1,-1,-1,-1,162,-1,-1,-1,-1,-1]
2023-03-01 17:52:23.536 m.b.ConsumeBolt Thread-14-consume-executor[2, 2] [INFO] input = [2,289,1408,-1,-1,-1,-1,-1,-1,163,-1,-1,-1,-1,-1]
2023-03-01 17:52:23.536 m.b.ConsumeBolt Thread-14-consume-executor[2, 2] [INFO] input = [2,296,2308,-1,-1,-1,-1,-1,-1,167,-1,-1,-1,-1,-1]
2023-03-01 17:52:23.537 m.b.ConsumeBolt Thread-14-consume-executor[2, 2] [INFO] input = [2,296,1482,-1,-1,-1,-1,-1,-1,168,-1,-1,-1,-1,-1]
2023-03-01 17:52:23.537 m.b.ConsumeBolt Thread-14-consume-executor[2, 2] [INFO] input = [2,298,1153,-1,-1,-1,-1,-1,-1,169,-1,-1,-1,-1,-1]
2023-03-01 17:52:23.538 m.b.ConsumeBolt Thread-14-consume-executor[2, 2] [INFO] input = [2,302,1174,-1,-1,-1,-1,-1,-1,172,-1,-1,-1,-1,-1]
2023-03-01 17:52:23.538 m.b.ConsumeBolt Thread-14-consume-executor[2, 2] [INFO] input = [2,305,905,-1,-1,-1,-1,-1,-1,177,-1,-1,-1,-1,-1]
2023-03-01 17:52:23.539 m.b.ConsumeBolt Thread-14-consume-executor[2, 2] [INFO] input = [2,305,522,-1,-1,-1,-1,-1,-1,178,-1,-1,-1,-1,-1]
2023-03-01 17:52:23.539 m.b.ConsumeBolt Thread-14-consume-executor[2, 2] [INFO] input = [2,306,1241,-1,-1,-1,-1,-1,-1,180,-1,-1,-1,-1,-1]
2023-03-01 17:52:23.539 m.b.ConsumeBolt Thread-14-consume-executor[2, 2] [INFO] input = [2,308,557,-1,-1,-1,-1,-1,-1,186,-1,-1,-1,-1,-1]
2023-03-01 17:52:23.540 m.b.ConsumeBolt Thread-14-consume-executor[2, 2] [INFO] input = [2,309,574,-1,-1,-1,-1,-1,-1,188,-1,-1,-1,-1,-1]
2023-03-01 17:52:23.541 m.b.ConsumeBolt Thread-14-consume-executor[2, 2] [INFO] input = [2,316,656,-1,-1,-1,-1,-1,-1,191,-1,-1,-1,-1,-1]
2023-03-01 17:52:23.541 m.b.ConsumeBolt Thread-14-consume-executor[2, 2] [INFO] input = [2,319,1409,-1,-1,-1,-1,-1,-1,192,-1,-1,-1,-1,-1]
2023-03-01 17:52:23.542 m.b.ConsumeBolt Thread-14-consume-executor[2, 2] [INFO] input = [2,320,691,-1,-1,-1,-1,-1,-1,193,-1,-1,-1,-1,-1]
2023-03-01 17:52:23.542 m.b.ConsumeBolt Thread-14-consume-executor[2, 2] [INFO] input = [2,321,2012,-1,-1,-1,-1,-1,-1,196,-1,-1,-1,-1,-1]
2023-03-01 17:52:23.543 m.b.ConsumeBolt Thread-14-consume-executor[2, 2] [INFO] input = [2,324,389,-1,-1,-1,-1,-1,-1,197,-1,-1,-1,-1,-1]
2023-03-01 17:52:23.544 m.b.ConsumeBolt Thread-14-consume-executor[2, 2] [INFO] input = [2,325,1124,-1,-1,-1,-1,-1,-1,198,-1,-1,-1,-1,-1]
2023-03-01 17:52:23.544 m.b.ConsumeBolt Thread-14-consume-executor[2, 2] [INFO] input = [2,330,1795,-1,-1,-1,-1,-1,-1,201,-1,-1,-1,-1,-1]
2023-03-01 17:52:23.545 m.b.ConsumeBolt Thread-14-consume-executor[2, 2] [INFO] input = [2,331,480,-1,-1,-1,-1,-1,-1,203,-1,-1,-1,-1,-1]
2023-03-01 17:52:23.545 m.b.ConsumeBolt Thread-14-consume-executor[2, 2] [INFO] input = [2,332,108,-1,-1,-1,-1,-1,-1,204,-1,-1,-1,-1,-1]
2023-03-01 17:52:23.545 m.b.ConsumeBolt Thread-14-consume-executor[2, 2] [INFO] input = [2,332,2923,-1,-1,-1,-1,-1,-1,205,-1,-1,-1,-1,-1]
2023-03-01 17:52:23.546 m.b.ConsumeBolt Thread-14-consume-executor[2, 2] [INFO] input = [2,332,862,-1,-1,-1,-1,-1,-1,206,-1,-1,-1,-1,-1]
2023-03-01 17:52:23.546 m.b.ConsumeBolt Thread-14-consume-executor[2, 2] [INFO] input = [2,334,1214,-1,-1,-1,-1,-1,-1,208,-1,-1,-1,-1,-1]
2023-03-01 17:52:23.547 m.b.ConsumeBolt Thread-14-consume-executor[2, 2] [INFO] input = [2,335,152,-1,-1,-1,-1,-1,-1,210,-1,-1,-1,-1,-1]
2023-03-01 17:52:23.547 m.b.ConsumeBolt Thread-14-consume-executor[2, 2] [INFO] input = [2,336,2153,-1,-1,-1,-1,-1,-1,211,-1,-1,-1,-1,-1]
2023-03-01 17:52:23.548 m.b.ConsumeBolt Thread-14-consume-executor[2, 2] [INFO] input = [2,337,535,-1,-1,-1,-1,-1,-1,213,-1,-1,-1,-1,-1]
2023-03-01 17:52:23.548 m.b.ConsumeBolt Thread-14-consume-executor[2, 2] [INFO] input = [2,340,1602,-1,-1,-1,-1,-1,-1,215,-1,-1,-1,-1,-1]
2023-03-01 17:52:23.548 m.b.ConsumeBolt Thread-14-consume-executor[2, 2] [INFO] input = [2,342,1626,-1,-1,-1,-1,-1,-1,219,-1,-1,-1,-1,-1]
2023-03-01 17:52:23.549 m.b.ConsumeBolt Thread-14-consume-executor[2, 2] [INFO] input = [2,343,1938,-1,-1,-1,-1,-1,-1,220,-1,-1,-1,-1,-1]
2023-03-01 17:52:23.549 m.b.ConsumeBolt Thread-14-consume-executor[2, 2] [INFO] input = [2,345,2499,-1,-1,-1,-1,-1,-1,221,-1,-1,-1,-1,-1]
2023-03-01 17:52:23.550 m.b.ConsumeBolt Thread-14-consume-executor[2, 2] [INFO] input = [2,347,297,-1,-1,-1,-1,-1,-1,223,-1,-1,-1,-1,-1]
2023-03-01 17:52:23.550 m.b.ConsumeBolt Thread-14-consume-executor[2, 2] [INFO] input = [2,347,2241,-1,-1,-1,-1,-1,-1,224,-1,-1,-1,-1,-1]
2023-03-01 17:52:23.550 m.b.ConsumeBolt Thread-14-consume-executor[2, 2] [INFO] input = [2,348,3302,-1,-1,-1,-1,-1,-1,226,-1,-1,-1,-1,-1]
2023-03-01 17:52:23.551 m.b.ConsumeBolt Thread-14-consume-executor[2, 2] [INFO] input = [2,349,3313,-1,-1,-1,-1,-1,-1,228,-1,-1,-1,-1,-1]
2023-03-01 17:52:23.551 m.b.ConsumeBolt Thread-14-consume-executor[2, 2] [INFO] input = [2,350,2264,-1,-1,-1,-1,-1,-1,229,-1,-1,-1,-1,-1]
2023-03-01 17:52:23.551 m.b.ConsumeBolt Thread-14-consume-executor[2, 2] [INFO] input = [2,350,2547,-1,-1,-1,-1,-1,-1,230,-1,-1,-1,-1,-1]
2023-03-01 17:52:23.552 m.b.ConsumeBolt Thread-14-consume-executor[2, 2] [INFO] input = [2,351,1424,-1,-1,-1,-1,-1,-1,232,-1,-1,-1,-1,-1]
2023-03-01 17:52:23.552 m.b.ConsumeBolt Thread-14-consume-executor[2, 2] [INFO] input = [2,351,712,-1,-1,-1,-1,-1,-1,233,-1,-1,-1,-1,-1]
2023-03-01 17:52:23.552 m.b.ConsumeBolt Thread-14-consume-executor[2, 2] [INFO] input = [2,351,1419,-1,-1,-1,-1,-1,-1,234,-1,-1,-1,-1,-1]
2023-03-01 17:52:23.553 m.b.ConsumeBolt Thread-14-consume-executor[2, 2] [INFO] input = [2,351,3337,-1,-1,-1,-1,-1,-1,235,-1,-1,-1,-1,-1]
2023-03-01 17:52:23.553 m.b.ConsumeBolt Thread-14-consume-executor[2, 2] [INFO] input = [2,351,1713,-1,-1,-1,-1,-1,-1,236,-1,-1,-1,-1,-1]
2023-03-01 17:52:23.553 m.b.ConsumeBolt Thread-14-consume-executor[2, 2] [INFO] input = [2,352,2276,-1,-1,-1,-1,-1,-1,238,-1,-1,-1,-1,-1]
2023-03-01 17:52:23.554 m.b.ConsumeBolt Thread-14-consume-executor[2, 2] [INFO] input = [2,356,3128,-1,-1,-1,-1,-1,-1,242,-1,-1,-1,-1,-1]
2023-03-01 17:52:23.554 m.b.ConsumeBolt Thread-14-consume-executor[2, 2] [INFO] input = [2,361,105,-1,-1,-1,-1,-1,-1,245,-1,-1,-1,-1,-1]
2023-03-01 17:52:23.554 m.b.ConsumeBolt Thread-14-consume-executor[2, 2] [INFO] input = [2,361,2646,-1,-1,-1,-1,-1,-1,246,-1,-1,-1,-1,-1]
2023-03-01 17:52:23.555 m.b.ConsumeBolt Thread-14-consume-executor[2, 2] [INFO] input = [2,362,1208,-1,-1,-1,-1,-1,-1,247,-1,-1,-1,-1,-1]
2023-03-01 17:52:23.555 m.b.ConsumeBolt Thread-14-consume-executor[2, 2] [INFO] input = [2,366,161,-1,-1,-1,-1,-1,-1,250,-1,-1,-1,-1,-1]
2023-03-01 17:52:23.555 m.b.ConsumeBolt Thread-14-consume-executor[2, 2] [INFO] input = [2,370,3517,-1,-1,-1,-1,-1,-1,251,-1,-1,-1,-1,-1]
2023-03-01 17:52:23.556 m.b.ConsumeBolt Thread-14-consume-executor[2, 2] [INFO] input = [2,371,2460,-1,-1,-1,-1,-1,-1,254,-1,-1,-1,-1,-1]
2023-03-01 17:52:23.556 m.b.ConsumeBolt Thread-14-consume-executor[2, 2] [INFO] input = [2,374,2488,-1,-1,-1,-1,-1,-1,258,-1,-1,-1,-1,-1]
2023-03-01 17:52:23.557 m.b.ConsumeBolt Thread-14-consume-executor[2, 2] [INFO] input = [2,374,991,-1,-1,-1,-1,-1,-1,259,-1,-1,-1,-1,-1]
2023-03-01 17:52:23.557 m.b.ConsumeBolt Thread-14-consume-executor[2, 2] [INFO] input = [2,377,301,-1,-1,-1,-1,-1,-1,263,-1,-1,-1,-1,-1]
2023-03-01 17:52:23.557 m.b.ConsumeBolt Thread-14-consume-executor[2, 2] [INFO] input = [2,378,2533,-1,-1,-1,-1,-1,-1,265,-1,-1,-1,-1,-1]
2023-03-01 17:52:23.558 m.b.ConsumeBolt Thread-14-consume-executor[2, 2] [INFO] input = [2,379,1056,-1,-1,-1,-1,-1,-1,266,-1,-1,-1,-1,-1]
2023-03-01 17:52:23.558 m.b.ConsumeBolt Thread-14-consume-executor[2, 2] [INFO] input = [2,379,3315,-1,-1,-1,-1,-1,-1,267,-1,-1,-1,-1,-1]
2023-03-01 17:52:23.559 m.b.ConsumeBolt Thread-14-consume-executor[2, 2] [INFO] input = [2,380,699,-1,-1,-1,-1,-1,-1,268,-1,-1,-1,-1,-1]
2023-03-01 17:52:23.559 m.b.ConsumeBolt Thread-14-consume-executor[2, 2] [INFO] input = [2,382,1426,-1,-1,-1,-1,-1,-1,270,-1,-1,-1,-1,-1]
2023-03-01 17:52:23.559 m.b.ConsumeBolt Thread-14-consume-executor[2, 2] [INFO] input = [2,383,3113,-1,-1,-1,-1,-1,-1,271,-1,-1,-1,-1,-1]
2023-03-01 17:52:23.560 m.b.ConsumeBolt Thread-14-consume-executor[2, 2] [INFO] input = [2,387,3660,-1,-1,-1,-1,-1,-1,273,-1,-1,-1,-1,-1]
2023-03-01 17:52:23.560 m.b.ConsumeBolt Thread-14-consume-executor[2, 2] [INFO] input = [2,387,3933,-1,-1,-1,-1,-1,-1,274,-1,-1,-1,-1,-1]
2023-03-01 17:52:23.561 m.b.ConsumeBolt Thread-14-consume-executor[2, 2] [INFO] input = [2,389,1786,-1,-1,-1,-1,-1,-1,276,-1,-1,-1,-1,-1]
2023-03-01 17:52:23.561 m.b.ConsumeBolt Thread-14-consume-executor[2, 2] [INFO] input = [2,391,3972,-1,-1,-1,-1,-1,-1,278,-1,-1,-1,-1,-1]
2023-03-01 17:52:23.561 m.b.ConsumeBolt Thread-14-consume-executor[2, 2] [INFO] input = [2,392,1174,-1,-1,-1,-1,-1,-1,280,-1,-1,-1,-1,-1]
2023-03-01 17:52:23.562 m.b.ConsumeBolt Thread-14-consume-executor[2, 2] [INFO] input = [2,392,3174,-1,-1,-1,-1,-1,-1,281,-1,-1,-1,-1,-1]
2023-03-01 17:52:23.562 m.b.ConsumeBolt Thread-14-consume-executor[2, 2] [INFO] input = [2,393,137,-1,-1,-1,-1,-1,-1,282,-1,-1,-1,-1,-1]
2023-03-01 17:52:23.563 m.b.ConsumeBolt Thread-14-consume-executor[2, 2] [INFO] input = [2,394,1848,-1,-1,-1,-1,-1,-1,283,-1,-1,-1,-1,-1]
2023-03-01 17:52:23.563 m.b.ConsumeBolt Thread-14-consume-executor[2, 2] [INFO] input = [2,395,2681,-1,-1,-1,-1,-1,-1,285,-1,-1,-1,-1,-1]
2023-03-01 17:52:23.563 m.b.ConsumeBolt Thread-14-consume-executor[2, 2] [INFO] input = [2,396,531,-1,-1,-1,-1,-1,-1,286,-1,-1,-1,-1,-1]
2023-03-01 17:52:23.564 m.b.ConsumeBolt Thread-14-consume-executor[2, 2] [INFO] input = [2,396,3472,-1,-1,-1,-1,-1,-1,287,-1,-1,-1,-1,-1]
2023-03-01 17:52:23.564 m.b.ConsumeBolt Thread-14-consume-executor[2, 2] [INFO] input = [2,396,3484,-1,-1,-1,-1,-1,-1,288,-1,-1,-1,-1,-1]
2023-03-01 17:52:23.565 m.b.ConsumeBolt Thread-14-consume-executor[2, 2] [INFO] input = [2,396,1868,-1,-1,-1,-1,-1,-1,289,-1,-1,-1,-1,-1]
2023-03-01 17:52:23.565 m.b.ConsumeBolt Thread-14-consume-executor[2, 2] [INFO] input = [2,397,2980,-1,-1,-1,-1,-1,-1,290,-1,-1,-1,-1,-1]
2023-03-01 17:52:23.566 m.b.ConsumeBolt Thread-14-consume-executor[2, 2] [INFO] input = [2,398,1885,-1,-1,-1,-1,-1,-1,291,-1,-1,-1,-1,-1]
2023-03-01 17:52:23.566 m.b.ConsumeBolt Thread-14-consume-executor[2, 2] [INFO] input = [2,399,204,-1,-1,-1,-1,-1,-1,292,-1,-1,-1,-1,-1]
2023-03-01 17:52:23.567 m.b.ConsumeBolt Thread-14-consume-executor[2, 2] [INFO] input = [2,399,198,-1,-1,-1,-1,-1,-1,293,-1,-1,-1,-1,-1]
2023-03-01 17:52:23.567 m.b.ConsumeBolt Thread-14-consume-executor[2, 2] [INFO] input = [2,400,1914,-1,-1,-1,-1,-1,-1,294,-1,-1,-1,-1,-1]
2023-03-01 17:52:23.568 m.b.ConsumeBolt Thread-14-consume-executor[2, 2] [INFO] input = [2,400,1913,-1,-1,-1,-1,-1,-1,296,-1,-1,-1,-1,-1]
