2023-03-01 17:52:22.697 m.b.ConsumeBolt Thread-14-consume-executor[2, 2] [INFO] Hello World
2023-03-01 17:52:23.468 m.b.ConsumeBolt Thread-14-consume-executor[2, 2] [INFO] input = [2,2,117,-1,-1,-1,-1,-1,-1,0,-1,-1,-1,-1,-1]
2023-03-01 17:52:23.470 m.b.ConsumeBolt Thread-14-consume-executor[2, 2] [INFO] input = [2,12,236,-1,-1,-1,-1,-1,-1,3,-1,-1,-1,-1,-1]
2023-03-01 17:52:23.471 m.b.ConsumeBolt Thread-14-consume-executor[2, 2] [INFO] input = [2,32,126,-1,-1,-1,-1,-1,-1,4,-1,-1,-1,-1,-1]
2023-03-01 17:52:23.473 m.b.ConsumeBolt Thread-14-consume-executor[2, 2] [INFO] input = [2,41,589,-1,-1,-1,-1,-1,-1,6,-1,-1,-1,-1,-1]
2023-03-01 17:52:23.473 m.b.ConsumeBolt Thread-14-consume-executor[2, 2] [INFO] input = [2,43,259,-1,-1,-1,-1,-1,-1,7,-1,-1,-1,-1,-1]
2023-03-01 17:52:23.474 m.b.ConsumeBolt Thread-14-consume-executor[2, 2] [INFO] input = [2,43,609,-1,-1,-1,-1,-1,-1,8,-1,-1,-1,-1,-1]
2023-03-01 17:52:23.476 m.b.ConsumeBolt Thread-14-consume-executor[2, 2] [INFO] input = [2,45,637,-1,-1,-1,-1,-1,-1,9,-1,-1,-1,-1,-1]
2023-03-01 17:52:23.477 m.b.ConsumeBolt Thread-14-consume-executor[2, 2] [INFO] input = [2,52,363,-1,-1,-1,-1,-1,-1,13,-1,-1,-1,-1,-1]
2023-03-01 17:52:23.478 m.b.ConsumeBolt Thread-14-consume-executor[2, 2] [INFO] input = [2,68,552,-1,-1,-1,-1,-1,-1,17,-1,-1,-1,-1,-1]
2023-03-01 17:52:23.479 m.b.ConsumeBolt Thread-14-consume-executor[2, 2] [INFO] input = [2,76,1011,-1,-1,-1,-1,-1,-1,19,-1,-1,-1,-1,-1]
2023-03-01 17:52:23.480 m.b.ConsumeBolt Thread-14-consume-executor[2, 2] [INFO] input = [2,96,1240,-1,-1,-1,-1,-1,-1,26,-1,-1,-1,-1,-1]
2023-03-01 17:52:23.481 m.b.ConsumeBolt Thread-14-consume-executor[2, 2] [INFO] input = [2,99,947,-1,-1,-1,-1,-1,-1,27,-1,-1,-1,-1,-1]
2023-03-01 17:52:23.482 m.b.ConsumeBolt Thread-14-consume-executor[2, 2] [INFO] input = [2,107,1023,-1,-1,-1,-1,-1,-1,29,-1,-1,-1,-1,-1]
2023-03-01 17:52:23.482 m.b.ConsumeBolt Thread-14-consume-executor[2, 2] [INFO] input = [2,107,1386,-1,-1,-1,-1,-1,-1,30,-1,-1,-1,-1,-1]
2023-03-01 17:52:23.483 m.b.ConsumeBolt Thread-14-consume-executor[2, 2] [INFO] input = [2,112,727,-1,-1,-1,-1,-1,-1,31,-1,-1,-1,-1,-1]
2023-03-01 17:52:23.484 m.b.ConsumeBolt Thread-14-consume-executor[2, 2] [INFO] input = [2,112,366,-1,-1,-1,-1,-1,-1,32,-1,-1,-1,-1,-1]
2023-03-01 17:52:23.485 m.b.ConsumeBolt Thread-14-consume-executor[2, 2] [INFO] input = [2,114,1453,-1,-1,-1,-1,-1,-1,34,-1,-1,-1,-1,-1]
2023-03-01 17:52:23.486 m.b.ConsumeBolt Thread-14-consume-executor[2, 2] [INFO] input = [2,116,424,-1,-1,-1,-1,-1,-1,36,-1,-1,-1,-1,-1]
2023-03-01 17:52:23.486 m.b.ConsumeBolt Thread-14-consume-executor[2, 2] [INFO] input = [2,134,1346,-1,-1,-1,-1,-1,-1,41,-1,-1,-1,-1,-1]
2023-03-01 17:52:23.487 m.b.ConsumeBolt Thread-14-consume-executor[2, 2] [INFO] input = [2,145,1461,-1,-1,-1,-1,-1,-1,45,-1,-1,-1,-1,-1]
2023-03-01 17:52:23.488 m.b.ConsumeBolt Thread-14-consume-executor[2, 2] [INFO] input = [2,148,1155,-1,-1,-1,-1,-1,-1,46,-1,-1,-1,-1,-1]
2023-03-01 17:52:23.489 m.b.ConsumeBolt Thread-14-consume-executor[2, 2] [INFO] input = [2,151,1813,-1,-1,-1,-1,-1,-1,47,-1,-1,-1,-1,-1]
2023-03-01 17:52:23.491 m.b.ConsumeBolt Thread-14-consume-executor[2, 2] [INFO] input = [2,152,859,-1,-1,-1,-1,-1,-1,48,-1,-1,-1,-1,-1]
2023-03-01 17:52:23.492 m.b.ConsumeBolt Thread-14-consume-executor[2, 2] [INFO] input = [2,155,1233,-1,-1,-1,-1,-1,-1,49,-1,-1,-1,-1,-1]
2023-03-01 17:52:23.493 m.b.ConsumeBolt Thread-14-consume-executor[2, 2] [INFO] input = [2,156,917,-1,-1,-1,-1,-1,-1,50,-1,-1,-1,-1,-1]
2023-03-01 17:52:23.494 m.b.ConsumeBolt Thread-14-consume-executor[2, 2] [INFO] input = [2,161,593,-1,-1,-1,-1,-1,-1,51,-1,-1,-1,-1,-1]
2023-03-01 17:52:23.495 m.b.ConsumeBolt Thread-14-consume-executor[2, 2] [INFO] input = [2,168,1044,-1,-1,-1,-1,-1,-1,55,-1,-1,-1,-1,-1]
2023-03-01 17:52:23.496 m.b.ConsumeBolt Thread-14-consume-executor[2, 2] [INFO] input = [2,169,1057,-1,-1,-1,-1,-1,-1,58,-1,-1,-1,-1,-1]
2023-03-01 17:52:23.497 m.b.ConsumeBolt Thread-14-consume-executor[2, 2] [INFO] input = [2,169,1040,-1,-1,-1,-1,-1,-1,59,-1,-1,-1,-1,-1]
2023-03-01 17:52:23.497 m.b.ConsumeBolt Thread-14-consume-executor[2, 2] [INFO] input = [2,172,2014,-1,-1,-1,-1,-1,-1,61,-1,-1,-1,-1,-1]
2023-03-01 17:52:23.498 m.b.ConsumeBolt Thread-14-consume-executor[2, 2] [INFO] input = [2,172,2028,-1,-1,-1,-1,-1,-1,62,-1,-1,-1,-1,-1]
2023-03-01 17:52:23.499 m.b.ConsumeBolt Thread-14-consume-executor[2, 2] [INFO] input = [2,173,383,-1,-1,-1,-1,-1,-1,63,-1,-1,-1,-1,-1]
2023-03-01 17:52:23.500 m.b.ConsumeBolt Thread-14-consume-executor[2, 2] [INFO] input = [2,176,1131,-1,-1,-1,-1,-1,-1,64,-1,-1,-1,-1,-1]
2023-03-01 17:52:23.500 m.b.ConsumeBolt Thread-14-consume-executor[2, 2] [INFO] input = [2,177,428,-1,-1,-1,-1,-1,-1,65,-1,-1,-1,-1,-1]
2023-03-01 17:52:23.501 m.b.ConsumeBolt Thread-14-consume-executor[2, 2] [INFO] input = [2,180,1798,-1,-1,-1,-1,-1,-1,66,-1,-1,-1,-1,-1]
2023-03-01 17:52:23.502 m.b.ConsumeBolt Thread-14-consume-executor[2, 2] [INFO] input = [2,184,889,-1,-1,-1,-1,-1,-1,70,-1,-1,-1,-1,-1]
2023-03-01 17:52:23.503 m.b.ConsumeBolt Thread-14-consume-executor[2, 2] [INFO] input = [2,191,2191,-1,-1,-1,-1,-1,-1,74,-1,-1,-1,-1,-1]
2023-03-01 17:52:23.503 m.b.ConsumeBolt Thread-14-consume-executor[2, 2] [INFO] input = [2,192,603,-1,-1,-1,-1,-1,-1,75,-1,-1,-1,-1,-1]
2023-03-01 17:52:23.504 m.b.ConsumeBolt Thread-14-consume-executor[2, 2] [INFO] input = [2,193,1940,-1,-1,-1,-1,-1,-1,76,-1,-1,-1,-1,-1]
2023-03-01 17:52:23.505 m.b.ConsumeBolt Thread-14-consume-executor[2, 2] [INFO] input = [2,193,976,-1,-1,-1,-1,-1,-1,77,-1,-1,-1,-1,-1]
2023-03-01 17:52:23.506 m.b.ConsumeBolt Thread-14-consume-executor[2, 2] [INFO] input = [2,196,1965,-1,-1,-1,-1,-1,-1,79,-1,-1,-1,-1,-1]
2023-03-01 17:52:23.507 m.b.ConsumeBolt Thread-14-consume-executor[2, 2] [INFO] input = [2,197,1023,-1,-1,-1,-1,-1,-1,81,-1,-1,-1,-1,-1]
2023-03-01 17:52:23.508 m.b.ConsumeBolt Thread-14-consume-executor[2, 2] [INFO] input = [2,199,1990,-1,-1,-1,-1,-1,-1,83,-1,-1,-1,-1,-1]
2023-03-01 17:52:23.508 m.b.ConsumeBolt Thread-14-consume-executor[2, 2] [INFO] input = [2,199,2001,-1,-1,-1,-1,-1,-1,84,-1,-1,-1,-1,-1]
2023-03-01 17:52:23.509 m.b.ConsumeBolt Thread-14-consume-executor[2, 2] [INFO] input = [2,199,326,-1,-1,-1,-1,-1,-1,86,-1,-1,-1,-1,-1]
2023-03-01 17:52:23.510 m.b.ConsumeBolt Thread-14-consume-executor[2, 2] [INFO] input = [2,201,1712,-1,-1,-1,-1,-1,-1,89,-1,-1,-1,-1,-1]
2023-03-01 17:52:23.511 m.b.ConsumeBolt Thread-14-consume-executor[2, 2] [INFO] input = [2,202,1717,-1,-1,-1,-1,-1,-1,90,-1,-1,-1,-1,-1]
2023-03-01 17:52:23.512 m.b.ConsumeBolt Thread-14-consume-executor[2, 2] [INFO] input = [2,205,416,-1,-1,-1,-1,-1,-1,93,-1,-1,-1,-1,-1]
2023-03-01 17:52:23.512 m.b.ConsumeBolt Thread-14-consume-executor[2, 2] [INFO] input = [2,206,1762,-1,-1,-1,-1,-1,-1,95,-1,-1,-1,-1,-1]
2023-03-01 17:52:23.513 m.b.ConsumeBolt Thread-14-consume-executor[2, 2] [INFO] input = [2,208,2324,-1,-1,-1,-1,-1,-1,97,-1,-1,-1,-1,-1]
2023-03-01 17:52:23.514 m.b.ConsumeBolt Thread-14-consume-executor[2, 2] [INFO] input = [2,213,137,-1,-1,-1,-1,-1,-1,99,-1,-1,-1,-1,-1]
2023-03-01 17:52:23.514 m.b.ConsumeBolt Thread-14-consume-executor[2, 2] [INFO] input = [2,213,2380,-1,-1,-1,-1,-1,-1,100,-1,-1,-1,-1,-1]
2023-03-01 17:52:23.515 m.b.ConsumeBolt Thread-14-consume-executor[2, 2] [INFO] input = [2,220,1291,-1,-1,-1,-1,-1,-1,104,-1,-1,-1,-1,-1]
2023-03-01 17:52:23.516 m.b.ConsumeBolt Thread-14-consume-executor[2, 2] [INFO] input = [2,220,582,-1,-1,-1,-1,-1,-1,105,-1,-1,-1,-1,-1]
2023-03-01 17:52:23.516 m.b.ConsumeBolt Thread-14-consume-executor[2, 2] [INFO] input = [2,220,1270,-1,-1,-1,-1,-1,-1,106,-1,-1,-1,-1,-1]
2023-03-01 17:52:23.517 m.b.ConsumeBolt Thread-14-consume-executor[2, 2] [INFO] input = [2,221,1297,-1,-1,-1,-1,-1,-1,107,-1,-1,-1,-1,-1]
2023-03-01 17:52:23.518 m.b.ConsumeBolt Thread-14-consume-executor[2, 2] [INFO] input = [2,221,1613,-1,-1,-1,-1,-1,-1,108,-1,-1,-1,-1,-1]
2023-03-01 17:52:23.519 m.b.ConsumeBolt Thread-14-consume-executor[2, 2] [INFO] input = [2,224,2221,-1,-1,-1,-1,-1,-1,109,-1,-1,-1,-1,-1]
2023-03-01 17:52:23.519 m.b.ConsumeBolt Thread-14-consume-executor[2, 2] [INFO] input = [2,224,263,-1,-1,-1,-1,-1,-1,110,-1,-1,-1,-1,-1]
2023-03-01 17:52:23.520 m.b.ConsumeBolt Thread-14-consume-executor[2, 2] [INFO] input = [2,230,1059,-1,-1,-1,-1,-1,-1,114,-1,-1,-1,-1,-1]
2023-03-01 17:52:23.521 m.b.ConsumeBolt Thread-14-consume-executor[2, 2] [INFO] input = [2,232,376,-1,-1,-1,-1,-1,-1,115,-1,-1,-1,-1,-1]
2023-03-01 17:52:23.521 m.b.ConsumeBolt Thread-14-consume-executor[2, 2] [INFO] input = [2,232,2281,-1,-1,-1,-1,-1,-1,116,-1,-1,-1,-1,-1]
2023-03-01 17:52:23.522 m.b.ConsumeBolt Thread-14-consume-executor[2, 2] [INFO] input = [2,232,1428,-1,-1,-1,-1,-1,-1,117,-1,-1,-1,-1,-1]
2023-03-01 17:52:23.522 m.b.ConsumeBolt Thread-14-consume-executor[2, 2] [INFO] input = [2,234,2584,-1,-1,-1,-1,-1,-1,118,-1,-1,-1,-1,-1]
2023-03-01 17:52:23.523 m.b.ConsumeBolt Thread-14-consume-executor[2, 2] [INFO] input = [2,234,2289,-1,-1,-1,-1,-1,-1,119,-1,-1,-1,-1,-1]
2023-03-01 17:52:23.523 m.b.ConsumeBolt Thread-14-consume-executor[2, 2] [INFO] input = [2,240,1170,-1,-1,-1,-1,-1,-1,122,-1,-1,-1,-1,-1]
2023-03-01 17:52:23.524 m.b.ConsumeBolt Thread-14-consume-executor[2, 2] [INFO] input = [2,242,1529,-1,-1,-1,-1,-1,-1,125,-1,-1,-1,-1,-1]
2023-03-01 17:52:23.525 m.b.ConsumeBolt Thread-14-consume-executor[2, 2] [INFO] input = [2,242,1206,-1,-1,-1,-1,-1,-1,126,-1,-1,-1,-1,-1]
2023-03-01 17:52:23.525 m.b.ConsumeBolt Thread-14-consume-executor[2, 2] [INFO] input = [2,243,2665,-1,-1,-1,-1,-1,-1,127,-1,-1,-1,-1,-1]
2023-03-01 17:52:23.526 m.b.ConsumeBolt Thread-14-consume-executor[2, 2] [INFO] input = [2,246,531,-1,-1,-1,-1,-1,-1,130,-1,-1,-1,-1,-1]
2023-03-01 17:52:23.527 m.b.ConsumeBolt Thread-14-consume-executor[2, 2] [INFO] input = [2,249,207,-1,-1,-1,-1,-1,-1,132,-1,-1,-1,-1,-1]
2023-03-01 17:52:23.528 m.b.ConsumeBolt Thread-14-consume-executor[2, 2] [INFO] input = [2,251,1611,-1,-1,-1,-1,-1,-1,134,-1,-1,-1,-1,-1]
2023-03-01 17:52:23.528 m.b.ConsumeBolt Thread-14-consume-executor[2, 2] [INFO] input = [2,257,1666,-1,-1,-1,-1,-1,-1,136,-1,-1,-1,-1,-1]
2023-03-01 17:52:23.529 m.b.ConsumeBolt Thread-14-consume-executor[2, 2] [INFO] input = [2,257,1021,-1,-1,-1,-1,-1,-1,137,-1,-1,-1,-1,-1]
2023-03-01 17:52:23.529 m.b.ConsumeBolt Thread-14-consume-executor[2, 2] [INFO] input = [2,260,2264,-1,-1,-1,-1,-1,-1,141,-1,-1,-1,-1,-1]
2023-03-01 17:52:23.530 m.b.ConsumeBolt Thread-14-consume-executor[2, 2] [INFO] input = [2,262,366,-1,-1,-1,-1,-1,-1,143,-1,-1,-1,-1,-1]
2023-03-01 17:52:23.531 m.b.ConsumeBolt Thread-14-consume-executor[2, 2] [INFO] input = [2,264,2290,-1,-1,-1,-1,-1,-1,146,-1,-1,-1,-1,-1]
2023-03-01 17:52:23.531 m.b.ConsumeBolt Thread-14-consume-executor[2, 2] [INFO] input = [2,265,415,-1,-1,-1,-1,-1,-1,147,-1,-1,-1,-1,-1]
2023-03-01 17:52:23.532 m.b.ConsumeBolt Thread-14-consume-executor[2, 2] [INFO] input = [2,269,2629,-1,-1,-1,-1,-1,-1,149,-1,-1,-1,-1,-1]
2023-03-01 17:52:23.532 m.b.ConsumeBolt Thread-14-consume-executor[2, 2] [INFO] input = [2,271,2104,-1,-1,-1,-1,-1,-1,152,-1,-1,-1,-1,-1]
2023-03-01 17:52:23.533 m.b.ConsumeBolt Thread-14-consume-executor[2, 2] [INFO] input = [2,273,869,-1,-1,-1,-1,-1,-1,153,-1,-1,-1,-1,-1]
2023-03-01 17:52:23.534 m.b.ConsumeBolt Thread-14-consume-executor[2, 2] [INFO] input = [2,273,496,-1,-1,-1,-1,-1,-1,155,-1,-1,-1,-1,-1]
2023-03-01 17:52:23.535 m.b.ConsumeBolt Thread-14-consume-executor[2, 2] [INFO] input = [2,274,900,-1,-1,-1,-1,-1,-1,157,-1,-1,-1,-1,-1]
2023-03-01 17:52:23.535 m.b.ConsumeBolt Thread-14-consume-executor[2, 2] [INFO] input = [2,279,944,-1,-1,-1,-1,-1,-1,159,-1,-1,-1,-1,-1]
2023-03-01 17:52:23.535 m.b.ConsumeBolt Thread-14-consume-executor[2, 2] [INFO] input = [2,283,2210,-1,-1,-1,-1,-1,-1,162,-1,-1,-1,-1,-1]
2023-03-01 17:52:23.536 m.b.ConsumeBolt Thread-14-consume-executor[2, 2] [INFO] input = [2,289,1408,-1,-1,-1,-1,-1,-1,163,-1,-1,-1,-1,-1]
2023-03-01 17:52:23.536 m.b.ConsumeBolt Thread-14-consume-executor[2, 2] [INFO] input = [2,296,2308,-1,-1,-1,-1,-1,-1,167,-1,-1,-1,-1,-1]
2023-03-01 17:52:23.537 m.b.ConsumeBolt Thread-14-consume-executor[2, 2] [INFO] input = [2,296,1482,-1,-1,-1,-1,-1,-1,168,-1,-1,-1,-1,-1]
2023-03-01 17:52:23.537 m.b.ConsumeBolt Thread-14-consume-executor[2, 2] [INFO] input = [2,298,1153,-1,-1,-1,-1,-1,-1,169,-1,-1,-1,-1,-1]
2023-03-01 17:52:23.538 m.b.ConsumeBolt Thread-14-consume-executor[2, 2] [INFO] input = [2,302,1174,-1,-1,-1,-1,-1,-1,172,-1,-1,-1,-1,-1]
2023-03-01 17:52:23.538 m.b.ConsumeBolt Thread-14-consume-executor[2, 2] [INFO] input = [2,305,905,-1,-1,-1,-1,-1,-1,177,-1,-1,-1,-1,-1]
2023-03-01 17:52:23.539 m.b.ConsumeBolt Thread-14-consume-executor[2, 2] [INFO] input = [2,305,522,-1,-1,-1,-1,-1,-1,178,-1,-1,-1,-1,-1]
2023-03-01 17:52:23.539 m.b.ConsumeBolt Thread-14-consume-executor[2, 2] [INFO] input = [2,306,1241,-1,-1,-1,-1,-1,-1,180,-1,-1,-1,-1,-1]
2023-03-01 17:52:23.539 m.b.ConsumeBolt Thread-14-consume-executor[2, 2] [INFO] input = [2,308,557,-1,-1,-1,-1,-1,-1,186,-1,-1,-1,-1,-1]
2023-03-01 17:52:23.540 m.b.ConsumeBolt Thread-14-consume-executor[2, 2] [INFO] input = [2,309,574,-1,-1,-1,-1,-1,-1,188,-1,-1,-1,-1,-1]
2023-03-01 17:52:23.541 m.b.ConsumeBolt Thread-14-consume-executor[2, 2] [INFO] input = [2,316,656,-1,-1,-1,-1,-1,-1,191,-1,-1,-1,-1,-1]
2023-03-01 17:52:23.541 m.b.ConsumeBolt Thread-14-consume-executor[2, 2] [INFO] input = [2,319,1409,-1,-1,-1,-1,-1,-1,192,-1,-1,-1,-1,-1]
2023-03-01 17:52:23.542 m.b.ConsumeBolt Thread-14-consume-executor[2, 2] [INFO] input = [2,320,691,-1,-1,-1,-1,-1,-1,193,-1,-1,-1,-1,-1]
2023-03-01 17:52:23.542 m.b.ConsumeBolt Thread-14-consume-executor[2, 2] [INFO] input = [2,321,2012,-1,-1,-1,-1,-1,-1,196,-1,-1,-1,-1,-1]
2023-03-01 17:52:23.543 m.b.ConsumeBolt Thread-14-consume-executor[2, 2] [INFO] input = [2,324,389,-1,-1,-1,-1,-1,-1,197,-1,-1,-1,-1,-1]
2023-03-01 17:52:23.544 m.b.ConsumeBolt Thread-14-consume-executor[2, 2] [INFO] input = [2,325,1124,-1,-1,-1,-1,-1,-1,198,-1,-1,-1,-1,-1]
2023-03-01 17:52:23.544 m.b.ConsumeBolt Thread-14-consume-executor[2, 2] [INFO] input = [2,330,1795,-1,-1,-1,-1,-1,-1,201,-1,-1,-1,-1,-1]
2023-03-01 17:52:23.545 m.b.ConsumeBolt Thread-14-consume-executor[2, 2] [INFO] input = [2,331,480,-1,-1,-1,-1,-1,-1,203,-1,-1,-1,-1,-1]
2023-03-01 17:52:23.545 m.b.ConsumeBolt Thread-14-consume-executor[2, 2] [INFO] input = [2,332,108,-1,-1,-1,-1,-1,-1,204,-1,-1,-1,-1,-1]
2023-03-01 17:52:23.545 m.b.ConsumeBolt Thread-14-consume-executor[2, 2] [INFO] input = [2,332,2923,-1,-1,-1,-1,-1,-1,205,-1,-1,-1,-1,-1]
2023-03-01 17:52:23.546 m.b.ConsumeBolt Thread-14-consume-executor[2, 2] [INFO] input = [2,332,862,-1,-1,-1,-1,-1,-1,206,-1,-1,-1,-1,-1]
2023-03-01 17:52:23.546 m.b.ConsumeBolt Thread-14-consume-executor[2, 2] [INFO] input = [2,334,1214,-1,-1,-1,-1,-1,-1,208,-1,-1,-1,-1,-1]
2023-03-01 17:52:23.547 m.b.ConsumeBolt Thread-14-consume-executor[2, 2] [INFO] input = [2,335,152,-1,-1,-1,-1,-1,-1,210,-1,-1,-1,-1,-1]
2023-03-01 17:52:23.547 m.b.ConsumeBolt Thread-14-consume-executor[2, 2] [INFO] input = [2,336,2153,-1,-1,-1,-1,-1,-1,211,-1,-1,-1,-1,-1]
2023-03-01 17:52:23.548 m.b.ConsumeBolt Thread-14-consume-executor[2, 2] [INFO] input = [2,337,535,-1,-1,-1,-1,-1,-1,213,-1,-1,-1,-1,-1]
2023-03-01 17:52:23.548 m.b.ConsumeBolt Thread-14-consume-executor[2, 2] [INFO] input = [2,340,1602,-1,-1,-1,-1,-1,-1,215,-1,-1,-1,-1,-1]
2023-03-01 17:52:23.548 m.b.ConsumeBolt Thread-14-consume-executor[2, 2] [INFO] input = [2,342,1626,-1,-1,-1,-1,-1,-1,219,-1,-1,-1,-1,-1]
2023-03-01 17:52:23.549 m.b.ConsumeBolt Thread-14-consume-executor[2, 2] [INFO] input = [2,343,1938,-1,-1,-1,-1,-1,-1,220,-1,-1,-1,-1,-1]
2023-03-01 17:52:23.549 m.b.ConsumeBolt Thread-14-consume-executor[2, 2] [INFO] input = [2,345,2499,-1,-1,-1,-1,-1,-1,221,-1,-1,-1,-1,-1]
2023-03-01 17:52:23.550 m.b.ConsumeBolt Thread-14-consume-executor[2, 2] [INFO] input = [2,347,297,-1,-1,-1,-1,-1,-1,223,-1,-1,-1,-1,-1]
2023-03-01 17:52:23.550 m.b.ConsumeBolt Thread-14-consume-executor[2, 2] [INFO] input = [2,347,2241,-1,-1,-1,-1,-1,-1,224,-1,-1,-1,-1,-1]
2023-03-01 17:52:23.550 m.b.ConsumeBolt Thread-14-consume-executor[2, 2] [INFO] input = [2,348,3302,-1,-1,-1,-1,-1,-1,226,-1,-1,-1,-1,-1]
2023-03-01 17:52:23.551 m.b.ConsumeBolt Thread-14-consume-executor[2, 2] [INFO] input = [2,349,3313,-1,-1,-1,-1,-1,-1,228,-1,-1,-1,-1,-1]
2023-03-01 17:52:23.551 m.b.ConsumeBolt Thread-14-consume-executor[2, 2] [INFO] input = [2,350,2264,-1,-1,-1,-1,-1,-1,229,-1,-1,-1,-1,-1]
2023-03-01 17:52:23.551 m.b.ConsumeBolt Thread-14-consume-executor[2, 2] [INFO] input = [2,350,2547,-1,-1,-1,-1,-1,-1,230,-1,-1,-1,-1,-1]
2023-03-01 17:52:23.552 m.b.ConsumeBolt Thread-14-consume-executor[2, 2] [INFO] input = [2,351,1424,-1,-1,-1,-1,-1,-1,232,-1,-1,-1,-1,-1]
2023-03-01 17:52:23.552 m.b.ConsumeBolt Thread-14-consume-executor[2, 2] [INFO] input = [2,351,712,-1,-1,-1,-1,-1,-1,233,-1,-1,-1,-1,-1]
2023-03-01 17:52:23.552 m.b.ConsumeBolt Thread-14-consume-executor[2, 2] [INFO] input = [2,351,1419,-1,-1,-1,-1,-1,-1,234,-1,-1,-1,-1,-1]
2023-03-01 17:52:23.553 m.b.ConsumeBolt Thread-14-consume-executor[2, 2] [INFO] input = [2,351,3337,-1,-1,-1,-1,-1,-1,235,-1,-1,-1,-1,-1]
2023-03-01 17:52:23.553 m.b.ConsumeBolt Thread-14-consume-executor[2, 2] [INFO] input = [2,351,1713,-1,-1,-1,-1,-1,-1,236,-1,-1,-1,-1,-1]
2023-03-01 17:52:23.553 m.b.ConsumeBolt Thread-14-consume-executor[2, 2] [INFO] input = [2,352,2276,-1,-1,-1,-1,-1,-1,238,-1,-1,-1,-1,-1]
2023-03-01 17:52:23.554 m.b.ConsumeBolt Thread-14-consume-executor[2, 2] [INFO] input = [2,356,3128,-1,-1,-1,-1,-1,-1,242,-1,-1,-1,-1,-1]
2023-03-01 17:52:23.554 m.b.ConsumeBolt Thread-14-consume-executor[2, 2] [INFO] input = [2,361,105,-1,-1,-1,-1,-1,-1,245,-1,-1,-1,-1,-1]
2023-03-01 17:52:23.554 m.b.ConsumeBolt Thread-14-consume-executor[2, 2] [INFO] input = [2,361,2646,-1,-1,-1,-1,-1,-1,246,-1,-1,-1,-1,-1]
2023-03-01 17:52:23.555 m.b.ConsumeBolt Thread-14-consume-executor[2, 2] [INFO] input = [2,362,1208,-1,-1,-1,-1,-1,-1,247,-1,-1,-1,-1,-1]
2023-03-01 17:52:23.555 m.b.ConsumeBolt Thread-14-consume-executor[2, 2] [INFO] input = [2,366,161,-1,-1,-1,-1,-1,-1,250,-1,-1,-1,-1,-1]
2023-03-01 17:52:23.555 m.b.ConsumeBolt Thread-14-consume-executor[2, 2] [INFO] input = [2,370,3517,-1,-1,-1,-1,-1,-1,251,-1,-1,-1,-1,-1]
2023-03-01 17:52:23.556 m.b.ConsumeBolt Thread-14-consume-executor[2, 2] [INFO] input = [2,371,2460,-1,-1,-1,-1,-1,-1,254,-1,-1,-1,-1,-1]
2023-03-01 17:52:23.556 m.b.ConsumeBolt Thread-14-consume-executor[2, 2] [INFO] input = [2,374,2488,-1,-1,-1,-1,-1,-1,258,-1,-1,-1,-1,-1]
2023-03-01 17:52:23.557 m.b.ConsumeBolt Thread-14-consume-executor[2, 2] [INFO] input = [2,374,991,-1,-1,-1,-1,-1,-1,259,-1,-1,-1,-1,-1]
2023-03-01 17:52:23.557 m.b.ConsumeBolt Thread-14-consume-executor[2, 2] [INFO] input = [2,377,301,-1,-1,-1,-1,-1,-1,263,-1,-1,-1,-1,-1]
2023-03-01 17:52:23.557 m.b.ConsumeBolt Thread-14-consume-executor[2, 2] [INFO] input = [2,378,2533,-1,-1,-1,-1,-1,-1,265,-1,-1,-1,-1,-1]
2023-03-01 17:52:23.558 m.b.ConsumeBolt Thread-14-consume-executor[2, 2] [INFO] input = [2,379,1056,-1,-1,-1,-1,-1,-1,266,-1,-1,-1,-1,-1]
2023-03-01 17:52:23.558 m.b.ConsumeBolt Thread-14-consume-executor[2, 2] [INFO] input = [2,379,3315,-1,-1,-1,-1,-1,-1,267,-1,-1,-1,-1,-1]
2023-03-01 17:52:23.559 m.b.ConsumeBolt Thread-14-consume-executor[2, 2] [INFO] input = [2,380,699,-1,-1,-1,-1,-1,-1,268,-1,-1,-1,-1,-1]
2023-03-01 17:52:23.559 m.b.ConsumeBolt Thread-14-consume-executor[2, 2] [INFO] input = [2,382,1426,-1,-1,-1,-1,-1,-1,270,-1,-1,-1,-1,-1]
2023-03-01 17:52:23.559 m.b.ConsumeBolt Thread-14-consume-executor[2, 2] [INFO] input = [2,383,3113,-1,-1,-1,-1,-1,-1,271,-1,-1,-1,-1,-1]
2023-03-01 17:52:23.560 m.b.ConsumeBolt Thread-14-consume-executor[2, 2] [INFO] input = [2,387,3660,-1,-1,-1,-1,-1,-1,273,-1,-1,-1,-1,-1]
2023-03-01 17:52:23.560 m.b.ConsumeBolt Thread-14-consume-executor[2, 2] [INFO] input = [2,387,3933,-1,-1,-1,-1,-1,-1,274,-1,-1,-1,-1,-1]
2023-03-01 17:52:23.561 m.b.ConsumeBolt Thread-14-consume-executor[2, 2] [INFO] input = [2,389,1786,-1,-1,-1,-1,-1,-1,276,-1,-1,-1,-1,-1]
2023-03-01 17:52:23.561 m.b.ConsumeBolt Thread-14-consume-executor[2, 2] [INFO] input = [2,391,3972,-1,-1,-1,-1,-1,-1,278,-1,-1,-1,-1,-1]
2023-03-01 17:52:23.561 m.b.ConsumeBolt Thread-14-consume-executor[2, 2] [INFO] input = [2,392,1174,-1,-1,-1,-1,-1,-1,280,-1,-1,-1,-1,-1]
2023-03-01 17:52:23.562 m.b.ConsumeBolt Thread-14-consume-executor[2, 2] [INFO] input = [2,392,3174,-1,-1,-1,-1,-1,-1,281,-1,-1,-1,-1,-1]
2023-03-01 17:52:23.562 m.b.ConsumeBolt Thread-14-consume-executor[2, 2] [INFO] input = [2,393,137,-1,-1,-1,-1,-1,-1,282,-1,-1,-1,-1,-1]
2023-03-01 17:52:23.563 m.b.ConsumeBolt Thread-14-consume-executor[2, 2] [INFO] input = [2,394,1848,-1,-1,-1,-1,-1,-1,283,-1,-1,-1,-1,-1]
2023-03-01 17:52:23.563 m.b.ConsumeBolt Thread-14-consume-executor[2, 2] [INFO] input = [2,395,2681,-1,-1,-1,-1,-1,-1,285,-1,-1,-1,-1,-1]
2023-03-01 17:52:23.563 m.b.ConsumeBolt Thread-14-consume-executor[2, 2] [INFO] input = [2,396,531,-1,-1,-1,-1,-1,-1,286,-1,-1,-1,-1,-1]
2023-03-01 17:52:23.564 m.b.ConsumeBolt Thread-14-consume-executor[2, 2] [INFO] input = [2,396,3472,-1,-1,-1,-1,-1,-1,287,-1,-1,-1,-1,-1]
2023-03-01 17:52:23.564 m.b.ConsumeBolt Thread-14-consume-executor[2, 2] [INFO] input = [2,396,3484,-1,-1,-1,-1,-1,-1,288,-1,-1,-1,-1,-1]
2023-03-01 17:52:23.565 m.b.ConsumeBolt Thread-14-consume-executor[2, 2] [INFO] input = [2,396,1868,-1,-1,-1,-1,-1,-1,289,-1,-1,-1,-1,-1]
2023-03-01 17:52:23.565 m.b.ConsumeBolt Thread-14-consume-executor[2, 2] [INFO] input = [2,397,2980,-1,-1,-1,-1,-1,-1,290,-1,-1,-1,-1,-1]
2023-03-01 17:52:23.566 m.b.ConsumeBolt Thread-14-consume-executor[2, 2] [INFO] input = [2,398,1885,-1,-1,-1,-1,-1,-1,291,-1,-1,-1,-1,-1]
2023-03-01 17:52:23.566 m.b.ConsumeBolt Thread-14-consume-executor[2, 2] [INFO] input = [2,399,204,-1,-1,-1,-1,-1,-1,292,-1,-1,-1,-1,-1]
2023-03-01 17:52:23.567 m.b.ConsumeBolt Thread-14-consume-executor[2, 2] [INFO] input = [2,399,198,-1,-1,-1,-1,-1,-1,293,-1,-1,-1,-1,-1]
2023-03-01 17:52:23.567 m.b.ConsumeBolt Thread-14-consume-executor[2, 2] [INFO] input = [2,400,1914,-1,-1,-1,-1,-1,-1,294,-1,-1,-1,-1,-1]
2023-03-01 17:52:23.568 m.b.ConsumeBolt Thread-14-consume-executor[2, 2] [INFO] input = [2,400,1913,-1,-1,-1,-1,-1,-1,296,-1,-1,-1,-1,-1]
2023-03-01 17:52:23.568 m.b.ConsumeBolt Thread-14-consume-executor[2, 2] [INFO] input = [2,401,1295,-1,-1,-1,-1,-1,-1,297,-1,-1,-1,-1,-1]
2023-03-01 17:52:23.568 m.b.ConsumeBolt Thread-14-consume-executor[2, 2] [INFO] input = [2,403,1330,-1,-1,-1,-1,-1,-1,299,-1,-1,-1,-1,-1]
2023-03-01 17:52:23.569 m.b.ConsumeBolt Thread-14-consume-executor[2, 2] [INFO] input = [2,404,3050,-1,-1,-1,-1,-1,-1,300,-1,-1,-1,-1,-1]
2023-03-01 17:52:23.569 m.b.ConsumeBolt Thread-14-consume-executor[2, 2] [INFO] input = [2,409,3084,-1,-1,-1,-1,-1,-1,305,-1,-1,-1,-1,-1]
2023-03-01 17:52:23.569 m.b.ConsumeBolt Thread-14-consume-executor[2, 2] [INFO] input = [2,410,4149,-1,-1,-1,-1,-1,-1,307,-1,-1,-1,-1,-1]
2023-03-01 17:52:23.570 m.b.ConsumeBolt Thread-14-consume-executor[2, 2] [INFO] input = [2,411,2015,-1,-1,-1,-1,-1,-1,308,-1,-1,-1,-1,-1]
2023-03-01 17:52:23.570 m.b.ConsumeBolt Thread-14-consume-executor[2, 2] [INFO] input = [2,413,2033,-1,-1,-1,-1,-1,-1,309,-1,-1,-1,-1,-1]
2023-03-01 17:52:23.570 m.b.ConsumeBolt Thread-14-consume-executor[2, 2] [INFO] input = [2,414,3355,-1,-1,-1,-1,-1,-1,311,-1,-1,-1,-1,-1]
2023-03-01 17:52:23.571 m.b.ConsumeBolt Thread-14-consume-executor[2, 2] [INFO] input = [2,416,3655,-1,-1,-1,-1,-1,-1,315,-1,-1,-1,-1,-1]
2023-03-01 17:52:23.571 m.b.ConsumeBolt Thread-14-consume-executor[2, 2] [INFO] input = [2,418,4244,-1,-1,-1,-1,-1,-1,317,-1,-1,-1,-1,-1]
2023-03-01 17:52:23.571 m.b.ConsumeBolt Thread-14-consume-executor[2, 2] [INFO] input = [2,420,3416,-1,-1,-1,-1,-1,-1,318,-1,-1,-1,-1,-1]
2023-03-01 17:52:23.571 m.b.ConsumeBolt Thread-14-consume-executor[2, 2] [INFO] input = [2,421,1516,-1,-1,-1,-1,-1,-1,319,-1,-1,-1,-1,-1]
2023-03-01 17:52:23.572 m.b.ConsumeBolt Thread-14-consume-executor[2, 2] [INFO] input = [2,421,3421,-1,-1,-1,-1,-1,-1,320,-1,-1,-1,-1,-1]
2023-03-01 17:52:23.572 m.b.ConsumeBolt Thread-14-consume-executor[2, 2] [INFO] input = [2,421,3966,-1,-1,-1,-1,-1,-1,322,-1,-1,-1,-1,-1]
2023-03-01 17:52:23.573 m.b.ConsumeBolt Thread-14-consume-executor[2, 2] [INFO] input = [2,422,119,-1,-1,-1,-1,-1,-1,325,-1,-1,-1,-1,-1]
2023-03-01 17:52:23.573 m.b.ConsumeBolt Thread-14-consume-executor[2, 2] [INFO] input = [2,425,519,-1,-1,-1,-1,-1,-1,326,-1,-1,-1,-1,-1]
2023-03-01 17:52:23.573 m.b.ConsumeBolt Thread-14-consume-executor[2, 2] [INFO] input = [2,425,1557,-1,-1,-1,-1,-1,-1,327,-1,-1,-1,-1,-1]
2023-03-01 17:52:23.574 m.b.ConsumeBolt Thread-14-consume-executor[2, 2] [INFO] input = [2,426,1239,-1,-1,-1,-1,-1,-1,328,-1,-1,-1,-1,-1]
2023-03-01 17:52:23.574 m.b.ConsumeBolt Thread-14-consume-executor[2, 2] [INFO] input = [2,430,2723,-1,-1,-1,-1,-1,-1,332,-1,-1,-1,-1,-1]
2023-03-01 17:52:23.574 m.b.ConsumeBolt Thread-14-consume-executor[2, 2] [INFO] input = [2,430,2722,-1,-1,-1,-1,-1,-1,333,-1,-1,-1,-1,-1]
2023-03-01 17:52:23.575 m.b.ConsumeBolt Thread-14-consume-executor[2, 2] [INFO] input = [2,430,1280,-1,-1,-1,-1,-1,-1,334,-1,-1,-1,-1,-1]
2023-03-01 17:52:23.575 m.b.ConsumeBolt Thread-14-consume-executor[2, 2] [INFO] input = [2,432,3243,-1,-1,-1,-1,-1,-1,336,-1,-1,-1,-1,-1]
2023-03-01 17:52:23.576 m.b.ConsumeBolt Thread-14-consume-executor[2, 2] [INFO] input = [2,434,1645,-1,-1,-1,-1,-1,-1,338,-1,-1,-1,-1,-1]
2023-03-01 17:52:23.576 m.b.ConsumeBolt Thread-14-consume-executor[2, 2] [INFO] input = [2,434,1946,-1,-1,-1,-1,-1,-1,339,-1,-1,-1,-1,-1]
2023-03-01 17:52:23.577 m.b.ConsumeBolt Thread-14-consume-executor[2, 2] [INFO] input = [2,434,1646,-1,-1,-1,-1,-1,-1,340,-1,-1,-1,-1,-1]
2023-03-01 17:52:23.577 m.b.ConsumeBolt Thread-14-consume-executor[2, 2] [INFO] input = [2,438,659,-1,-1,-1,-1,-1,-1,342,-1,-1,-1,-1,-1]
2023-03-01 17:52:23.578 m.b.ConsumeBolt Thread-14-consume-executor[2, 2] [INFO] input = [2,438,2797,-1,-1,-1,-1,-1,-1,343,-1,-1,-1,-1,-1]
2023-03-01 17:52:23.578 m.b.ConsumeBolt Thread-14-consume-executor[2, 2] [INFO] input = [2,439,325,-1,-1,-1,-1,-1,-1,344,-1,-1,-1,-1,-1]
2023-03-01 17:52:23.579 m.b.ConsumeBolt Thread-14-consume-executor[2, 2] [INFO] input = [2,440,4151,-1,-1,-1,-1,-1,-1,345,-1,-1,-1,-1,-1]
2023-03-01 17:52:23.579 m.b.ConsumeBolt Thread-14-consume-executor[2, 2] [INFO] input = [2,440,341,-1,-1,-1,-1,-1,-1,346,-1,-1,-1,-1,-1]
2023-03-01 17:52:23.579 m.b.ConsumeBolt Thread-14-consume-executor[2, 2] [INFO] input = [2,444,2592,-1,-1,-1,-1,-1,-1,349,-1,-1,-1,-1,-1]
2023-03-01 17:52:23.580 m.b.ConsumeBolt Thread-14-consume-executor[2, 2] [INFO] input = [2,446,1470,-1,-1,-1,-1,-1,-1,351,-1,-1,-1,-1,-1]
2023-03-01 17:52:23.581 m.b.ConsumeBolt Thread-14-consume-executor[2, 2] [INFO] input = [2,450,3400,-1,-1,-1,-1,-1,-1,352,-1,-1,-1,-1,-1]
2023-03-01 17:52:23.581 m.b.ConsumeBolt Thread-14-consume-executor[2, 2] [INFO] input = [2,450,466,-1,-1,-1,-1,-1,-1,353,-1,-1,-1,-1,-1]
2023-03-01 17:52:23.582 m.b.ConsumeBolt Thread-14-consume-executor[2, 2] [INFO] input = [2,451,3972,-1,-1,-1,-1,-1,-1,355,-1,-1,-1,-1,-1]
2023-03-01 17:52:23.582 m.b.ConsumeBolt Thread-14-consume-executor[2, 2] [INFO] input = [2,454,2940,-1,-1,-1,-1,-1,-1,357,-1,-1,-1,-1,-1]
2023-03-01 17:52:23.583 m.b.ConsumeBolt Thread-14-consume-executor[2, 2] [INFO] input = [2,455,3462,-1,-1,-1,-1,-1,-1,359,-1,-1,-1,-1,-1]
2023-03-01 17:52:23.583 m.b.ConsumeBolt Thread-14-consume-executor[2, 2] [INFO] input = [2,456,2961,-1,-1,-1,-1,-1,-1,360,-1,-1,-1,-1,-1]
2023-03-01 17:52:23.583 m.b.ConsumeBolt Thread-14-consume-executor[2, 2] [INFO] input = [2,458,935,-1,-1,-1,-1,-1,-1,361,-1,-1,-1,-1,-1]
2023-03-01 17:52:23.584 m.b.ConsumeBolt Thread-14-consume-executor[2, 2] [INFO] input = [2,460,2450,-1,-1,-1,-1,-1,-1,363,-1,-1,-1,-1,-1]
2023-03-01 17:52:23.585 m.b.ConsumeBolt Thread-14-consume-executor[2, 2] [INFO] input = [2,462,1318,-1,-1,-1,-1,-1,-1,366,-1,-1,-1,-1,-1]
2023-03-01 17:52:23.585 m.b.ConsumeBolt Thread-14-consume-executor[2, 2] [INFO] input = [2,462,2743,-1,-1,-1,-1,-1,-1,367,-1,-1,-1,-1,-1]
2023-03-01 17:52:23.586 m.b.ConsumeBolt Thread-14-consume-executor[2, 2] [INFO] input = [2,465,1957,-1,-1,-1,-1,-1,-1,370,-1,-1,-1,-1,-1]
2023-03-01 17:52:23.587 m.b.ConsumeBolt Thread-14-consume-executor[2, 2] [INFO] input = [2,466,1017,-1,-1,-1,-1,-1,-1,372,-1,-1,-1,-1,-1]
2023-03-01 17:52:23.588 m.b.ConsumeBolt Thread-14-consume-executor[2, 2] [INFO] input = [2,466,4704,-1,-1,-1,-1,-1,-1,373,-1,-1,-1,-1,-1]
2023-03-01 17:52:23.588 m.b.ConsumeBolt Thread-14-consume-executor[2, 2] [INFO] input = [2,467,3839,-1,-1,-1,-1,-1,-1,374,-1,-1,-1,-1,-1]
2023-03-01 17:52:23.589 m.b.ConsumeBolt Thread-14-consume-executor[2, 2] [INFO] input = [2,468,1971,-1,-1,-1,-1,-1,-1,376,-1,-1,-1,-1,-1]
2023-03-01 17:52:23.589 m.b.ConsumeBolt Thread-14-consume-executor[2, 2] [INFO] input = [2,468,1034,-1,-1,-1,-1,-1,-1,377,-1,-1,-1,-1,-1]
2023-03-01 17:52:23.590 m.b.ConsumeBolt Thread-14-consume-executor[2, 2] [INFO] input = [2,469,1400,-1,-1,-1,-1,-1,-1,378,-1,-1,-1,-1,-1]
2023-03-01 17:52:23.590 m.b.ConsumeBolt Thread-14-consume-executor[2, 2] [INFO] input = [2,469,1040,-1,-1,-1,-1,-1,-1,379,-1,-1,-1,-1,-1]
2023-03-01 17:52:23.590 m.b.ConsumeBolt Thread-14-consume-executor[2, 2] [INFO] input = [2,472,3889,-1,-1,-1,-1,-1,-1,380,-1,-1,-1,-1,-1]
2023-03-01 17:52:23.591 m.b.ConsumeBolt Thread-14-consume-executor[2, 2] [INFO] input = [2,475,2852,-1,-1,-1,-1,-1,-1,382,-1,-1,-1,-1,-1]
2023-03-01 17:52:23.591 m.b.ConsumeBolt Thread-14-consume-executor[2, 2] [INFO] input = [2,478,1154,-1,-1,-1,-1,-1,-1,384,-1,-1,-1,-1,-1]
2023-03-01 17:52:23.591 m.b.ConsumeBolt Thread-14-consume-executor[2, 2] [INFO] input = [2,479,816,-1,-1,-1,-1,-1,-1,387,-1,-1,-1,-1,-1]
2023-03-01 17:52:23.592 m.b.ConsumeBolt Thread-14-consume-executor[2, 2] [INFO] input = [2,482,1822,-1,-1,-1,-1,-1,-1,390,-1,-1,-1,-1,-1]
2023-03-01 17:52:23.594 m.b.ConsumeBolt Thread-14-consume-executor[2, 2] [INFO] input = [2,483,1541,-1,-1,-1,-1,-1,-1,391,-1,-1,-1,-1,-1]
2023-03-01 17:52:23.595 m.b.ConsumeBolt Thread-14-consume-executor[2, 2] [INFO] input = [2,485,155,-1,-1,-1,-1,-1,-1,394,-1,-1,-1,-1,-1]
2023-03-01 17:52:23.595 m.b.ConsumeBolt Thread-14-consume-executor[2, 2] [INFO] input = [2,486,2959,-1,-1,-1,-1,-1,-1,395,-1,-1,-1,-1,-1]
2023-03-01 17:52:23.596 m.b.ConsumeBolt Thread-14-consume-executor[2, 2] [INFO] input = [2,487,2428,-1,-1,-1,-1,-1,-1,398,-1,-1,-1,-1,-1]
2023-03-01 17:52:23.596 m.b.ConsumeBolt Thread-14-consume-executor[2, 2] [INFO] input = [2,488,1265,-1,-1,-1,-1,-1,-1,399,-1,-1,-1,-1,-1]
2023-03-01 17:52:23.596 m.b.ConsumeBolt Thread-14-consume-executor[2, 2] [INFO] input = [2,490,3523,-1,-1,-1,-1,-1,-1,400,-1,-1,-1,-1,-1]
2023-03-01 17:52:23.596 m.b.ConsumeBolt Thread-14-consume-executor[2, 2] [INFO] input = [2,490,2185,-1,-1,-1,-1,-1,-1,401,-1,-1,-1,-1,-1]
2023-03-01 17:52:23.597 m.b.ConsumeBolt Thread-14-consume-executor[2, 2] [INFO] input = [2,490,1294,-1,-1,-1,-1,-1,-1,403,-1,-1,-1,-1,-1]
2023-03-01 17:52:23.597 m.b.ConsumeBolt Thread-14-consume-executor[2, 2] [INFO] input = [2,491,4937,-1,-1,-1,-1,-1,-1,404,-1,-1,-1,-1,-1]
2023-03-01 17:52:23.597 m.b.ConsumeBolt Thread-14-consume-executor[2, 2] [INFO] input = [2,492,4059,-1,-1,-1,-1,-1,-1,407,-1,-1,-1,-1,-1]
2023-03-01 17:52:23.598 m.b.ConsumeBolt Thread-14-consume-executor[2, 2] [INFO] input = [2,493,1333,-1,-1,-1,-1,-1,-1,408,-1,-1,-1,-1,-1]
2023-03-01 17:52:23.598 m.b.ConsumeBolt Thread-14-consume-executor[2, 2] [INFO] input = [2,494,4081,-1,-1,-1,-1,-1,-1,409,-1,-1,-1,-1,-1]
2023-03-01 17:52:23.598 m.b.ConsumeBolt Thread-14-consume-executor[2, 2] [INFO] input = [2,495,4978,-1,-1,-1,-1,-1,-1,410,-1,-1,-1,-1,-1]
2023-03-01 17:52:23.599 m.b.ConsumeBolt Thread-14-consume-executor[2, 2] [INFO] input = [2,495,3817,-1,-1,-1,-1,-1,-1,411,-1,-1,-1,-1,-1]
2023-03-01 17:52:23.599 m.b.ConsumeBolt Thread-14-consume-executor[2, 2] [INFO] input = [2,497,3297,-1,-1,-1,-1,-1,-1,414,-1,-1,-1,-1,-1]
2023-03-01 17:52:23.599 m.b.ConsumeBolt Thread-14-consume-executor[2, 2] [INFO] input = [2,497,2241,-1,-1,-1,-1,-1,-1,415,-1,-1,-1,-1,-1]
2023-03-01 17:52:23.600 m.b.ConsumeBolt Thread-14-consume-executor[2, 2] [INFO] input = [2,498,3077,-1,-1,-1,-1,-1,-1,416,-1,-1,-1,-1,-1]
2023-03-01 17:52:23.600 m.b.ConsumeBolt Thread-14-consume-executor[2, 2] [INFO] input = [2,499,685,-1,-1,-1,-1,-1,-1,417,-1,-1,-1,-1,-1]
2023-03-01 17:52:23.601 m.b.ConsumeBolt Thread-14-consume-executor[2, 2] [INFO] input = [2,500,1060,-1,-1,-1,-1,-1,-1,419,-1,-1,-1,-1,-1]
2023-03-01 17:52:23.601 m.b.ConsumeBolt Thread-14-consume-executor[2, 2] [INFO] input = [2,500,1410,-1,-1,-1,-1,-1,-1,420,-1,-1,-1,-1,-1]
2023-03-01 17:52:23.601 m.b.ConsumeBolt Thread-14-consume-executor[2, 2] [INFO] input = [2,502,4174,-1,-1,-1,-1,-1,-1,422,-1,-1,-1,-1,-1]
2023-03-01 17:52:23.602 m.b.ConsumeBolt Thread-14-consume-executor[2, 2] [INFO] input = [2,504,4485,-1,-1,-1,-1,-1,-1,425,-1,-1,-1,-1,-1]
2023-03-01 17:52:23.602 m.b.ConsumeBolt Thread-14-consume-executor[2, 2] [INFO] input = [2,510,1170,-1,-1,-1,-1,-1,-1,429,-1,-1,-1,-1,-1]
2023-03-01 17:52:23.602 m.b.ConsumeBolt Thread-14-consume-executor[2, 2] [INFO] input = [2,510,1177,-1,-1,-1,-1,-1,-1,431,-1,-1,-1,-1,-1]
2023-03-01 17:52:23.603 m.b.ConsumeBolt Thread-14-consume-executor[2, 2] [INFO] input = [2,511,2105,-1,-1,-1,-1,-1,-1,433,-1,-1,-1,-1,-1]
2023-03-01 17:52:23.603 m.b.ConsumeBolt Thread-14-consume-executor[2, 2] [INFO] input = [2,512,2919,-1,-1,-1,-1,-1,-1,435,-1,-1,-1,-1,-1]
2023-03-01 17:52:23.604 m.b.ConsumeBolt Thread-14-consume-executor[2, 2] [INFO] input = [2,512,2661,-1,-1,-1,-1,-1,-1,436,-1,-1,-1,-1,-1]
2023-03-01 17:52:23.604 m.b.ConsumeBolt Thread-14-consume-executor[2, 2] [INFO] input = [2,512,3971,-1,-1,-1,-1,-1,-1,437,-1,-1,-1,-1,-1]
2023-03-01 17:52:23.604 m.b.ConsumeBolt Thread-14-consume-executor[2, 2] [INFO] input = [2,512,4556,-1,-1,-1,-1,-1,-1,439,-1,-1,-1,-1,-1]
2023-03-01 17:52:23.605 m.b.ConsumeBolt Thread-14-consume-executor[2, 2] [INFO] input = [2,512,3704,-1,-1,-1,-1,-1,-1,440,-1,-1,-1,-1,-1]
2023-03-01 17:52:23.605 m.b.ConsumeBolt Thread-14-consume-executor[2, 2] [INFO] input = [2,514,4305,-1,-1,-1,-1,-1,-1,442,-1,-1,-1,-1,-1]
2023-03-01 17:52:23.605 m.b.ConsumeBolt Thread-14-consume-executor[2, 2] [INFO] input = [2,515,4586,-1,-1,-1,-1,-1,-1,445,-1,-1,-1,-1,-1]
2023-03-01 17:52:23.606 m.b.ConsumeBolt Thread-14-consume-executor[2, 2] [INFO] input = [2,516,4329,-1,-1,-1,-1,-1,-1,447,-1,-1,-1,-1,-1]
2023-03-01 17:52:23.606 m.b.ConsumeBolt Thread-14-consume-executor[2, 2] [INFO] input = [2,517,2973,-1,-1,-1,-1,-1,-1,448,-1,-1,-1,-1,-1]
2023-03-01 17:52:23.607 m.b.ConsumeBolt Thread-14-consume-executor[2, 2] [INFO] input = [2,519,1901,-1,-1,-1,-1,-1,-1,454,-1,-1,-1,-1,-1]
2023-03-01 17:52:23.607 m.b.ConsumeBolt Thread-14-consume-executor[2, 2] [INFO] input = [2,520,3520,-1,-1,-1,-1,-1,-1,455,-1,-1,-1,-1,-1]
2023-03-01 17:52:23.607 m.b.ConsumeBolt Thread-14-consume-executor[2, 2] [INFO] input = [2,520,212,-1,-1,-1,-1,-1,-1,456,-1,-1,-1,-1,-1]
2023-03-01 17:52:23.608 m.b.ConsumeBolt Thread-14-consume-executor[2, 2] [INFO] input = [2,521,3533,-1,-1,-1,-1,-1,-1,457,-1,-1,-1,-1,-1]
2023-03-01 17:52:23.608 m.b.ConsumeBolt Thread-14-consume-executor[2, 2] [INFO] input = [2,522,5227,-1,-1,-1,-1,-1,-1,458,-1,-1,-1,-1,-1]
2023-03-01 17:52:23.610 m.b.ConsumeBolt Thread-14-consume-executor[2, 2] [INFO] input = [2,523,4947,-1,-1,-1,-1,-1,-1,460,-1,-1,-1,-1,-1]
2023-03-01 17:52:23.611 m.b.ConsumeBolt Thread-14-consume-executor[2, 2] [INFO] input = [2,523,4667,-1,-1,-1,-1,-1,-1,461,-1,-1,-1,-1,-1]
2023-03-01 17:52:23.611 m.b.ConsumeBolt Thread-14-consume-executor[2, 2] [INFO] input = [2,527,1020,-1,-1,-1,-1,-1,-1,467,-1,-1,-1,-1,-1]
2023-03-01 17:52:23.611 m.b.ConsumeBolt Thread-14-consume-executor[2, 2] [INFO] input = [2,528,315,-1,-1,-1,-1,-1,-1,468,-1,-1,-1,-1,-1]
2023-03-01 17:52:23.612 m.b.ConsumeBolt Thread-14-consume-executor[2, 2] [INFO] input = [2,529,3864,-1,-1,-1,-1,-1,-1,471,-1,-1,-1,-1,-1]
2023-03-01 17:52:23.613 m.b.ConsumeBolt Thread-14-consume-executor[2, 2] [INFO] input = [2,530,2008,-1,-1,-1,-1,-1,-1,472,-1,-1,-1,-1,-1]
2023-03-01 17:52:23.613 m.b.ConsumeBolt Thread-14-consume-executor[2, 2] [INFO] input = [2,531,3327,-1,-1,-1,-1,-1,-1,473,-1,-1,-1,-1,-1]
2023-03-01 17:52:23.614 m.b.ConsumeBolt Thread-14-consume-executor[2, 2] [INFO] input = [2,531,1713,-1,-1,-1,-1,-1,-1,474,-1,-1,-1,-1,-1]
2023-03-01 17:52:23.614 m.b.ConsumeBolt Thread-14-consume-executor[2, 2] [INFO] input = [2,532,2828,-1,-1,-1,-1,-1,-1,475,-1,-1,-1,-1,-1]
2023-03-01 17:52:23.615 m.b.ConsumeBolt Thread-14-consume-executor[2, 2] [INFO] input = [2,532,2276,-1,-1,-1,-1,-1,-1,476,-1,-1,-1,-1,-1]
2023-03-01 17:52:23.616 m.b.ConsumeBolt Thread-14-consume-executor[2, 2] [INFO] input = [2,533,4468,-1,-1,-1,-1,-1,-1,477,-1,-1,-1,-1,-1]
2023-03-01 17:52:23.616 m.b.ConsumeBolt Thread-14-consume-executor[2, 2] [INFO] input = [2,533,5335,-1,-1,-1,-1,-1,-1,478,-1,-1,-1,-1,-1]
2023-03-01 17:52:23.617 m.b.ConsumeBolt Thread-14-consume-executor[2, 2] [INFO] input = [2,535,4493,-1,-1,-1,-1,-1,-1,481,-1,-1,-1,-1,-1]
2023-03-01 17:52:23.617 m.b.ConsumeBolt Thread-14-consume-executor[2, 2] [INFO] input = [2,535,3639,-1,-1,-1,-1,-1,-1,482,-1,-1,-1,-1,-1]
2023-03-01 17:52:23.618 m.b.ConsumeBolt Thread-14-consume-executor[2, 2] [INFO] input = [2,536,1482,-1,-1,-1,-1,-1,-1,483,-1,-1,-1,-1,-1]
2023-03-01 17:52:23.618 m.b.ConsumeBolt Thread-14-consume-executor[2, 2] [INFO] input = [2,539,2889,-1,-1,-1,-1,-1,-1,488,-1,-1,-1,-1,-1]
2023-03-01 17:52:23.618 m.b.ConsumeBolt Thread-14-consume-executor[2, 2] [INFO] input = [2,540,2907,-1,-1,-1,-1,-1,-1,490,-1,-1,-1,-1,-1]
2023-03-01 17:52:23.619 m.b.ConsumeBolt Thread-14-consume-executor[2, 2] [INFO] input = [2,542,1805,-1,-1,-1,-1,-1,-1,495,-1,-1,-1,-1,-1]
2023-03-01 17:52:23.619 m.b.ConsumeBolt Thread-14-consume-executor[2, 2] [INFO] input = [2,542,4555,-1,-1,-1,-1,-1,-1,496,-1,-1,-1,-1,-1]
2023-03-01 17:52:23.620 m.b.ConsumeBolt Thread-14-consume-executor[2, 2] [INFO] input = [2,544,3993,-1,-1,-1,-1,-1,-1,500,-1,-1,-1,-1,-1]
2023-03-01 17:52:23.620 m.b.ConsumeBolt Thread-14-consume-executor[2, 2] [INFO] input = [2,545,5178,-1,-1,-1,-1,-1,-1,501,-1,-1,-1,-1,-1]
2023-03-01 17:52:23.620 m.b.ConsumeBolt Thread-14-consume-executor[2, 2] [INFO] input = [2,545,4314,-1,-1,-1,-1,-1,-1,503,-1,-1,-1,-1,-1]
2023-03-01 17:52:23.621 m.b.ConsumeBolt Thread-14-consume-executor[2, 2] [INFO] input = [2,546,5462,-1,-1,-1,-1,-1,-1,504,-1,-1,-1,-1,-1]
2023-03-01 17:52:23.621 m.b.ConsumeBolt Thread-14-consume-executor[2, 2] [INFO] input = [2,546,2422,-1,-1,-1,-1,-1,-1,505,-1,-1,-1,-1,-1]
2023-03-01 17:52:23.621 m.b.ConsumeBolt Thread-14-consume-executor[2, 2] [INFO] input = [2,548,4029,-1,-1,-1,-1,-1,-1,511,-1,-1,-1,-1,-1]
2023-03-01 17:52:23.622 m.b.ConsumeBolt Thread-14-consume-executor[2, 2] [INFO] input = [2,550,4024,-1,-1,-1,-1,-1,-1,512,-1,-1,-1,-1,-1]
2023-03-01 17:52:23.622 m.b.ConsumeBolt Thread-14-consume-executor[2, 2] [INFO] input = [2,550,4366,-1,-1,-1,-1,-1,-1,513,-1,-1,-1,-1,-1]
2023-03-01 17:52:23.622 m.b.ConsumeBolt Thread-14-consume-executor[2, 2] [INFO] input = [2,551,4932,-1,-1,-1,-1,-1,-1,514,-1,-1,-1,-1,-1]
2023-03-01 17:52:23.623 m.b.ConsumeBolt Thread-14-consume-executor[2, 2] [INFO] input = [2,553,614,-1,-1,-1,-1,-1,-1,517,-1,-1,-1,-1,-1]
2023-03-01 17:52:23.623 m.b.ConsumeBolt Thread-14-consume-executor[2, 2] [INFO] input = [2,553,257,-1,-1,-1,-1,-1,-1,518,-1,-1,-1,-1,-1]
2023-03-01 17:52:23.624 m.b.ConsumeBolt Thread-14-consume-executor[2, 2] [INFO] input = [2,557,1676,-1,-1,-1,-1,-1,-1,521,-1,-1,-1,-1,-1]
2023-03-01 17:52:23.624 m.b.ConsumeBolt Thread-14-consume-executor[2, 2] [INFO] input = [2,557,662,-1,-1,-1,-1,-1,-1,523,-1,-1,-1,-1,-1]
2023-03-01 17:52:23.624 m.b.ConsumeBolt Thread-14-consume-executor[2, 2] [INFO] input = [2,558,659,-1,-1,-1,-1,-1,-1,525,-1,-1,-1,-1,-1]
2023-03-01 17:52:23.625 m.b.ConsumeBolt Thread-14-consume-executor[2, 2] [INFO] input = [2,558,312,-1,-1,-1,-1,-1,-1,526,-1,-1,-1,-1,-1]
2023-03-01 17:52:23.626 m.b.ConsumeBolt Thread-14-consume-executor[2, 2] [INFO] input = [2,559,2808,-1,-1,-1,-1,-1,-1,528,-1,-1,-1,-1,-1]
2023-03-01 17:52:23.627 m.b.ConsumeBolt Thread-14-consume-executor[2, 2] [INFO] input = [2,561,5314,-1,-1,-1,-1,-1,-1,532,-1,-1,-1,-1,-1]
2023-03-01 17:52:23.628 m.b.ConsumeBolt Thread-14-consume-executor[2, 2] [INFO] input = [2,562,361,-1,-1,-1,-1,-1,-1,533,-1,-1,-1,-1,-1]
2023-03-01 17:52:23.628 m.b.ConsumeBolt Thread-14-consume-executor[2, 2] [INFO] input = [2,562,375,-1,-1,-1,-1,-1,-1,534,-1,-1,-1,-1,-1]
2023-03-01 17:52:23.628 m.b.ConsumeBolt Thread-14-consume-executor[2, 2] [INFO] input = [2,564,397,-1,-1,-1,-1,-1,-1,536,-1,-1,-1,-1,-1]
2023-03-01 17:52:23.629 m.b.ConsumeBolt Thread-14-consume-executor[2, 2] [INFO] input = [2,564,5053,-1,-1,-1,-1,-1,-1,537,-1,-1,-1,-1,-1]
2023-03-01 17:52:23.629 m.b.ConsumeBolt Thread-14-consume-executor[2, 2] [INFO] input = [2,567,3665,-1,-1,-1,-1,-1,-1,543,-1,-1,-1,-1,-1]
2023-03-01 17:52:23.629 m.b.ConsumeBolt Thread-14-consume-executor[2, 2] [INFO] input = [2,567,2318,-1,-1,-1,-1,-1,-1,544,-1,-1,-1,-1,-1]
2023-03-01 17:52:23.629 m.b.ConsumeBolt Thread-14-consume-executor[2, 2] [INFO] input = [2,570,5120,-1,-1,-1,-1,-1,-1,549,-1,-1,-1,-1,-1]
2023-03-01 17:52:23.630 m.b.ConsumeBolt Thread-14-consume-executor[2, 2] [INFO] input = [2,570,3961,-1,-1,-1,-1,-1,-1,551,-1,-1,-1,-1,-1]
2023-03-01 17:52:23.630 m.b.ConsumeBolt Thread-14-consume-executor[2, 2] [INFO] input = [2,571,2915,-1,-1,-1,-1,-1,-1,552,-1,-1,-1,-1,-1]
2023-03-01 17:52:23.631 m.b.ConsumeBolt Thread-14-consume-executor[2, 2] [INFO] input = [2,572,2113,-1,-1,-1,-1,-1,-1,553,-1,-1,-1,-1,-1]
2023-03-01 17:52:23.631 m.b.ConsumeBolt Thread-14-consume-executor[2, 2] [INFO] input = [2,572,5143,-1,-1,-1,-1,-1,-1,554,-1,-1,-1,-1,-1]
2023-03-01 17:52:23.631 m.b.ConsumeBolt Thread-14-consume-executor[2, 2] [INFO] input = [2,574,512,-1,-1,-1,-1,-1,-1,556,-1,-1,-1,-1,-1]
2023-03-01 17:52:23.632 m.b.ConsumeBolt Thread-14-consume-executor[2, 2] [INFO] input = [2,574,505,-1,-1,-1,-1,-1,-1,558,-1,-1,-1,-1,-1]
2023-03-01 17:52:23.632 m.b.ConsumeBolt Thread-14-consume-executor[2, 2] [INFO] input = [2,576,2415,-1,-1,-1,-1,-1,-1,560,-1,-1,-1,-1,-1]
2023-03-01 17:52:23.633 m.b.ConsumeBolt Thread-14-consume-executor[2, 2] [INFO] input = [2,578,1587,-1,-1,-1,-1,-1,-1,562,-1,-1,-1,-1,-1]
2023-03-01 17:52:23.633 m.b.ConsumeBolt Thread-14-consume-executor[2, 2] [INFO] input = [2,579,4618,-1,-1,-1,-1,-1,-1,563,-1,-1,-1,-1,-1]
2023-03-01 17:52:23.634 m.b.ConsumeBolt Thread-14-consume-executor[2, 2] [INFO] input = [2,579,195,-1,-1,-1,-1,-1,-1,565,-1,-1,-1,-1,-1]
2023-03-01 17:52:23.634 m.b.ConsumeBolt Thread-14-consume-executor[2, 2] [INFO] input = [2,579,4620,-1,-1,-1,-1,-1,-1,566,-1,-1,-1,-1,-1]
2023-03-01 17:52:23.635 m.b.ConsumeBolt Thread-14-consume-executor[2, 2] [INFO] input = [2,580,5501,-1,-1,-1,-1,-1,-1,568,-1,-1,-1,-1,-1]
2023-03-01 17:52:23.635 m.b.ConsumeBolt Thread-14-consume-executor[2, 2] [INFO] input = [2,580,2998,-1,-1,-1,-1,-1,-1,569,-1,-1,-1,-1,-1]
2023-03-01 17:52:23.636 m.b.ConsumeBolt Thread-14-consume-executor[2, 2] [INFO] input = [2,582,2744,-1,-1,-1,-1,-1,-1,572,-1,-1,-1,-1,-1]
2023-03-01 17:52:23.636 m.b.ConsumeBolt Thread-14-consume-executor[2, 2] [INFO] input = [2,583,4661,-1,-1,-1,-1,-1,-1,573,-1,-1,-1,-1,-1]
2023-03-01 17:52:23.637 m.b.ConsumeBolt Thread-14-consume-executor[2, 2] [INFO] input = [2,583,616,-1,-1,-1,-1,-1,-1,574,-1,-1,-1,-1,-1]
2023-03-01 17:52:23.637 m.b.ConsumeBolt Thread-14-consume-executor[2, 2] [INFO] input = [2,583,976,-1,-1,-1,-1,-1,-1,576,-1,-1,-1,-1,-1]
2023-03-01 17:52:23.638 m.b.ConsumeBolt Thread-14-consume-executor[2, 2] [INFO] input = [2,586,1014,-1,-1,-1,-1,-1,-1,579,-1,-1,-1,-1,-1]
2023-03-01 17:52:23.638 m.b.ConsumeBolt Thread-14-consume-executor[2, 2] [INFO] input = [2,587,4996,-1,-1,-1,-1,-1,-1,582,-1,-1,-1,-1,-1]
2023-03-01 17:52:23.638 m.b.ConsumeBolt Thread-14-consume-executor[2, 2] [INFO] input = [2,587,1027,-1,-1,-1,-1,-1,-1,583,-1,-1,-1,-1,-1]
2023-03-01 17:52:23.639 m.b.ConsumeBolt Thread-14-consume-executor[2, 2] [INFO] input = [2,587,1982,-1,-1,-1,-1,-1,-1,584,-1,-1,-1,-1,-1]
2023-03-01 17:52:23.639 m.b.ConsumeBolt Thread-14-consume-executor[2, 2] [INFO] input = [2,589,685,-1,-1,-1,-1,-1,-1,585,-1,-1,-1,-1,-1]
2023-03-01 17:52:23.640 m.b.ConsumeBolt Thread-14-consume-executor[2, 2] [INFO] input = [2,590,3324,-1,-1,-1,-1,-1,-1,586,-1,-1,-1,-1,-1]
2023-03-01 17:52:23.640 m.b.ConsumeBolt Thread-14-consume-executor[2, 2] [INFO] input = [2,591,5612,-1,-1,-1,-1,-1,-1,588,-1,-1,-1,-1,-1]
2023-03-01 17:52:23.640 m.b.ConsumeBolt Thread-14-consume-executor[2, 2] [INFO] input = [2,591,4162,-1,-1,-1,-1,-1,-1,589,-1,-1,-1,-1,-1]
2023-03-01 17:52:23.641 m.b.ConsumeBolt Thread-14-consume-executor[2, 2] [INFO] input = [2,592,362,-1,-1,-1,-1,-1,-1,590,-1,-1,-1,-1,-1]
2023-03-01 17:52:23.641 m.b.ConsumeBolt Thread-14-consume-executor[2, 2] [INFO] input = [2,592,3106,-1,-1,-1,-1,-1,-1,593,-1,-1,-1,-1,-1]
2023-03-01 17:52:23.643 m.b.ConsumeBolt Thread-14-consume-executor[2, 2] [INFO] input = [2,595,3918,-1,-1,-1,-1,-1,-1,600,-1,-1,-1,-1,-1]
2023-03-01 17:52:23.644 m.b.ConsumeBolt Thread-14-consume-executor[2, 2] [INFO] input = [2,596,772,-1,-1,-1,-1,-1,-1,602,-1,-1,-1,-1,-1]
2023-03-01 17:52:23.644 m.b.ConsumeBolt Thread-14-consume-executor[2, 2] [INFO] input = [2,596,1470,-1,-1,-1,-1,-1,-1,603,-1,-1,-1,-1,-1]
2023-03-01 17:52:23.645 m.b.ConsumeBolt Thread-14-consume-executor[2, 2] [INFO] input = [2,596,417,-1,-1,-1,-1,-1,-1,604,-1,-1,-1,-1,-1]
2023-03-01 17:52:23.646 m.b.ConsumeBolt Thread-14-consume-executor[2, 2] [INFO] input = [2,596,3378,-1,-1,-1,-1,-1,-1,605,-1,-1,-1,-1,-1]
2023-03-01 17:52:23.646 m.b.ConsumeBolt Thread-14-consume-executor[2, 2] [INFO] input = [2,598,2881,-1,-1,-1,-1,-1,-1,608,-1,-1,-1,-1,-1]
2023-03-01 17:52:23.646 m.b.ConsumeBolt Thread-14-consume-executor[2, 2] [INFO] input = [2,598,4517,-1,-1,-1,-1,-1,-1,609,-1,-1,-1,-1,-1]
2023-03-01 17:52:23.647 m.b.ConsumeBolt Thread-14-consume-executor[2, 2] [INFO] input = [2,598,2616,-1,-1,-1,-1,-1,-1,610,-1,-1,-1,-1,-1]
2023-03-01 17:52:23.647 m.b.ConsumeBolt Thread-14-consume-executor[2, 2] [INFO] input = [2,598,811,-1,-1,-1,-1,-1,-1,612,-1,-1,-1,-1,-1]
2023-03-01 17:52:23.648 m.b.ConsumeBolt Thread-14-consume-executor[2, 2] [INFO] input = [2,599,5990,-1,-1,-1,-1,-1,-1,613,-1,-1,-1,-1,-1]
2023-03-01 17:52:23.648 m.b.ConsumeBolt Thread-14-consume-executor[2, 2] [INFO] input = [2,599,453,-1,-1,-1,-1,-1,-1,614,-1,-1,-1,-1,-1]
2023-03-01 17:52:23.648 m.b.ConsumeBolt Thread-14-consume-executor[2, 2] [INFO] input = [2,599,3389,-1,-1,-1,-1,-1,-1,615,-1,-1,-1,-1,-1]
2023-03-01 17:52:23.649 m.b.ConsumeBolt Thread-14-consume-executor[2, 2] [INFO] input = [2,599,3157,-1,-1,-1,-1,-1,-1,616,-1,-1,-1,-1,-1]
2023-03-01 17:52:23.649 m.b.ConsumeBolt Thread-14-consume-executor[2, 2] [INFO] input = [2,599,4527,-1,-1,-1,-1,-1,-1,617,-1,-1,-1,-1,-1]
2023-03-01 17:52:23.649 m.b.ConsumeBolt Thread-14-consume-executor[2, 2] [INFO] input = [2,600,2090,-1,-1,-1,-1,-1,-1,618,-1,-1,-1,-1,-1]
2023-03-01 17:52:23.649 m.b.ConsumeBolt Thread-14-consume-executor[2, 2] [INFO] input = [2,600,1794,-1,-1,-1,-1,-1,-1,619,-1,-1,-1,-1,-1]
2023-03-01 17:52:23.650 m.b.ConsumeBolt Thread-14-consume-executor[2, 2] [INFO] input = [2,602,1200,-1,-1,-1,-1,-1,-1,621,-1,-1,-1,-1,-1]
2023-03-01 17:52:23.650 m.b.ConsumeBolt Thread-14-consume-executor[2, 2] [INFO] input = [2,604,3182,-1,-1,-1,-1,-1,-1,622,-1,-1,-1,-1,-1]
2023-03-01 17:52:23.651 m.b.ConsumeBolt Thread-14-consume-executor[2, 2] [INFO] input = [2,604,1218,-1,-1,-1,-1,-1,-1,624,-1,-1,-1,-1,-1]
2023-03-01 17:52:23.652 m.b.ConsumeBolt Thread-14-consume-executor[2, 2] [INFO] input = [2,605,3192,-1,-1,-1,-1,-1,-1,625,-1,-1,-1,-1,-1]
2023-03-01 17:52:23.652 m.b.ConsumeBolt Thread-14-consume-executor[2, 2] [INFO] input = [2,605,3730,-1,-1,-1,-1,-1,-1,627,-1,-1,-1,-1,-1]
2023-03-01 17:52:23.652 m.b.ConsumeBolt Thread-14-consume-executor[2, 2] [INFO] input = [2,607,2166,-1,-1,-1,-1,-1,-1,629,-1,-1,-1,-1,-1]
2023-03-01 17:52:23.653 m.b.ConsumeBolt Thread-14-consume-executor[2, 2] [INFO] input = [2,608,2444,-1,-1,-1,-1,-1,-1,631,-1,-1,-1,-1,-1]
2023-03-01 17:52:23.653 m.b.ConsumeBolt Thread-14-consume-executor[2, 2] [INFO] input = [2,609,6094,-1,-1,-1,-1,-1,-1,633,-1,-1,-1,-1,-1]
2023-03-01 17:52:23.653 m.b.ConsumeBolt Thread-14-consume-executor[2, 2] [INFO] input = [2,609,4613,-1,-1,-1,-1,-1,-1,635,-1,-1,-1,-1,-1]
2023-03-01 17:52:23.653 m.b.ConsumeBolt Thread-14-consume-executor[2, 2] [INFO] input = [2,609,194,-1,-1,-1,-1,-1,-1,637,-1,-1,-1,-1,-1]
2023-03-01 17:52:23.654 m.b.ConsumeBolt Thread-14-consume-executor[2, 2] [INFO] input = [2,611,964,-1,-1,-1,-1,-1,-1,638,-1,-1,-1,-1,-1]
2023-03-01 17:52:23.654 m.b.ConsumeBolt Thread-14-consume-executor[2, 2] [INFO] input = [2,612,2469,-1,-1,-1,-1,-1,-1,640,-1,-1,-1,-1,-1]
2023-03-01 17:52:23.655 m.b.ConsumeBolt Thread-14-consume-executor[2, 2] [INFO] input = [2,614,274,-1,-1,-1,-1,-1,-1,645,-1,-1,-1,-1,-1]
2023-03-01 17:52:23.655 m.b.ConsumeBolt Thread-14-consume-executor[2, 2] [INFO] input = [2,615,4089,-1,-1,-1,-1,-1,-1,646,-1,-1,-1,-1,-1]
2023-03-01 17:52:23.656 m.b.ConsumeBolt Thread-14-consume-executor[2, 2] [INFO] input = [2,615,6180,-1,-1,-1,-1,-1,-1,649,-1,-1,-1,-1,-1]
2023-03-01 17:52:23.656 m.b.ConsumeBolt Thread-14-consume-executor[2, 2] [INFO] input = [2,615,1363,-1,-1,-1,-1,-1,-1,650,-1,-1,-1,-1,-1]
2023-03-01 17:52:23.656 m.b.ConsumeBolt Thread-14-consume-executor[2, 2] [INFO] input = [2,617,3583,-1,-1,-1,-1,-1,-1,652,-1,-1,-1,-1,-1]
2023-03-01 17:52:23.657 m.b.ConsumeBolt Thread-14-consume-executor[2, 2] [INFO] input = [2,617,3292,-1,-1,-1,-1,-1,-1,654,-1,-1,-1,-1,-1]
2023-03-01 17:52:23.662 m.b.ConsumeBolt Thread-14-consume-executor[2, 2] [INFO] input = [2,618,4133,-1,-1,-1,-1,-1,-1,655,-1,-1,-1,-1,-1]
2023-03-01 17:52:23.662 m.b.ConsumeBolt Thread-14-consume-executor[2, 2] [INFO] input = [2,619,2546,-1,-1,-1,-1,-1,-1,657,-1,-1,-1,-1,-1]
2023-03-01 17:52:23.663 m.b.ConsumeBolt Thread-14-consume-executor[2, 2] [INFO] input = [2,621,2011,-1,-1,-1,-1,-1,-1,658,-1,-1,-1,-1,-1]
2023-03-01 17:52:23.663 m.b.ConsumeBolt Thread-14-consume-executor[2, 2] [INFO] input = [2,622,1437,-1,-1,-1,-1,-1,-1,659,-1,-1,-1,-1,-1]
2023-03-01 17:52:23.665 m.b.ConsumeBolt Thread-14-consume-executor[2, 2] [INFO] input = [2,623,739,-1,-1,-1,-1,-1,-1,661,-1,-1,-1,-1,-1]
2023-03-01 17:52:23.665 m.b.ConsumeBolt Thread-14-consume-executor[2, 2] [INFO] input = [2,625,3641,-1,-1,-1,-1,-1,-1,666,-1,-1,-1,-1,-1]
2023-03-01 17:52:23.665 m.b.ConsumeBolt Thread-14-consume-executor[2, 2] [INFO] input = [2,626,2054,-1,-1,-1,-1,-1,-1,667,-1,-1,-1,-1,-1]
2023-03-01 17:52:23.666 m.b.ConsumeBolt Thread-14-consume-executor[2, 2] [INFO] input = [2,627,6317,-1,-1,-1,-1,-1,-1,668,-1,-1,-1,-1,-1]
2023-03-01 17:52:23.666 m.b.ConsumeBolt Thread-14-consume-executor[2, 2] [INFO] input = [2,630,1509,-1,-1,-1,-1,-1,-1,676,-1,-1,-1,-1,-1]
2023-03-01 17:52:23.667 m.b.ConsumeBolt Thread-14-consume-executor[2, 2] [INFO] input = [2,630,1505,-1,-1,-1,-1,-1,-1,677,-1,-1,-1,-1,-1]
2023-03-01 17:52:23.667 m.b.ConsumeBolt Thread-14-consume-executor[2, 2] [INFO] input = [2,631,5412,-1,-1,-1,-1,-1,-1,679,-1,-1,-1,-1,-1]
2023-03-01 17:52:23.668 m.b.ConsumeBolt Thread-14-consume-executor[2, 2] [INFO] input = [2,633,6381,-1,-1,-1,-1,-1,-1,681,-1,-1,-1,-1,-1]
2023-03-01 17:52:23.668 m.b.ConsumeBolt Thread-14-consume-executor[2, 2] [INFO] input = [2,634,6047,-1,-1,-1,-1,-1,-1,684,-1,-1,-1,-1,-1]
2023-03-01 17:52:23.669 m.b.ConsumeBolt Thread-14-consume-executor[2, 2] [INFO] input = [2,636,4006,-1,-1,-1,-1,-1,-1,686,-1,-1,-1,-1,-1]
2023-03-01 17:52:23.669 m.b.ConsumeBolt Thread-14-consume-executor[2, 2] [INFO] input = [2,637,5791,-1,-1,-1,-1,-1,-1,690,-1,-1,-1,-1,-1]
2023-03-01 17:52:23.670 m.b.ConsumeBolt Thread-14-consume-executor[2, 2] [INFO] input = [2,638,2714,-1,-1,-1,-1,-1,-1,691,-1,-1,-1,-1,-1]
2023-03-01 17:52:23.670 m.b.ConsumeBolt Thread-14-consume-executor[2, 2] [INFO] input = [2,639,4353,-1,-1,-1,-1,-1,-1,693,-1,-1,-1,-1,-1]
2023-03-01 17:52:23.670 m.b.ConsumeBolt Thread-14-consume-executor[2, 2] [INFO] input = [2,639,3752,-1,-1,-1,-1,-1,-1,694,-1,-1,-1,-1,-1]
2023-03-01 17:52:23.671 m.b.ConsumeBolt Thread-14-consume-executor[2, 2] [INFO] input = [2,639,5208,-1,-1,-1,-1,-1,-1,695,-1,-1,-1,-1,-1]
2023-03-01 17:52:23.671 m.b.ConsumeBolt Thread-14-consume-executor[2, 2] [INFO] input = [2,642,6143,-1,-1,-1,-1,-1,-1,698,-1,-1,-1,-1,-1]
2023-03-01 17:52:23.671 m.b.ConsumeBolt Thread-14-consume-executor[2, 2] [INFO] input = [2,642,4654,-1,-1,-1,-1,-1,-1,699,-1,-1,-1,-1,-1]
2023-03-01 17:52:23.672 m.b.ConsumeBolt Thread-14-consume-executor[2, 2] [INFO] input = [2,642,2203,-1,-1,-1,-1,-1,-1,701,-1,-1,-1,-1,-1]
2023-03-01 17:52:23.672 m.b.ConsumeBolt Thread-14-consume-executor[2, 2] [INFO] input = [2,642,237,-1,-1,-1,-1,-1,-1,702,-1,-1,-1,-1,-1]
2023-03-01 17:52:23.673 m.b.ConsumeBolt Thread-14-consume-executor[2, 2] [INFO] input = [2,643,1940,-1,-1,-1,-1,-1,-1,705,-1,-1,-1,-1,-1]
2023-03-01 17:52:23.673 m.b.ConsumeBolt Thread-14-consume-executor[2, 2] [INFO] input = [2,643,6148,-1,-1,-1,-1,-1,-1,706,-1,-1,-1,-1,-1]
2023-03-01 17:52:23.673 m.b.ConsumeBolt Thread-14-consume-executor[2, 2] [INFO] input = [2,644,2219,-1,-1,-1,-1,-1,-1,707,-1,-1,-1,-1,-1]
2023-03-01 17:52:23.674 m.b.ConsumeBolt Thread-14-consume-executor[2, 2] [INFO] input = [2,645,4693,-1,-1,-1,-1,-1,-1,708,-1,-1,-1,-1,-1]
2023-03-01 17:52:23.674 m.b.ConsumeBolt Thread-14-consume-executor[2, 2] [INFO] input = [2,646,5255,-1,-1,-1,-1,-1,-1,710,-1,-1,-1,-1,-1]
2023-03-01 17:52:23.674 m.b.ConsumeBolt Thread-14-consume-executor[2, 2] [INFO] input = [2,647,1383,-1,-1,-1,-1,-1,-1,712,-1,-1,-1,-1,-1]
2023-03-01 17:52:23.675 m.b.ConsumeBolt Thread-14-consume-executor[2, 2] [INFO] input = [2,648,1972,-1,-1,-1,-1,-1,-1,714,-1,-1,-1,-1,-1]
2023-03-01 17:52:23.675 m.b.ConsumeBolt Thread-14-consume-executor[2, 2] [INFO] input = [2,648,1041,-1,-1,-1,-1,-1,-1,715,-1,-1,-1,-1,-1]
2023-03-01 17:52:23.675 m.b.ConsumeBolt Thread-14-consume-executor[2, 2] [INFO] input = [2,649,661,-1,-1,-1,-1,-1,-1,716,-1,-1,-1,-1,-1]
2023-03-01 17:52:23.676 m.b.ConsumeBolt Thread-14-consume-executor[2, 2] [INFO] input = [2,650,5600,-1,-1,-1,-1,-1,-1,718,-1,-1,-1,-1,-1]
2023-03-01 17:52:23.677 m.b.ConsumeBolt Thread-14-consume-executor[2, 2] [INFO] input = [2,650,2267,-1,-1,-1,-1,-1,-1,719,-1,-1,-1,-1,-1]
2023-03-01 17:52:23.678 m.b.ConsumeBolt Thread-14-consume-executor[2, 2] [INFO] input = [2,651,6248,-1,-1,-1,-1,-1,-1,721,-1,-1,-1,-1,-1]
2023-03-01 17:52:23.678 m.b.ConsumeBolt Thread-14-consume-executor[2, 2] [INFO] input = [2,651,5022,-1,-1,-1,-1,-1,-1,722,-1,-1,-1,-1,-1]
2023-03-01 17:52:23.678 m.b.ConsumeBolt Thread-14-consume-executor[2, 2] [INFO] input = [2,651,5315,-1,-1,-1,-1,-1,-1,725,-1,-1,-1,-1,-1]
2023-03-01 17:52:23.679 m.b.ConsumeBolt Thread-14-consume-executor[2, 2] [INFO] input = [2,653,5049,-1,-1,-1,-1,-1,-1,727,-1,-1,-1,-1,-1]
2023-03-01 17:52:23.679 m.b.ConsumeBolt Thread-14-consume-executor[2, 2] [INFO] input = [2,653,4189,-1,-1,-1,-1,-1,-1,728,-1,-1,-1,-1,-1]
2023-03-01 17:52:23.679 m.b.ConsumeBolt Thread-14-consume-executor[2, 2] [INFO] input = [2,654,4195,-1,-1,-1,-1,-1,-1,729,-1,-1,-1,-1,-1]
2023-03-01 17:52:23.680 m.b.ConsumeBolt Thread-14-consume-executor[2, 2] [INFO] input = [2,654,1440,-1,-1,-1,-1,-1,-1,730,-1,-1,-1,-1,-1]
2023-03-01 17:52:23.680 m.b.ConsumeBolt Thread-14-consume-executor[2, 2] [INFO] input = [2,654,5340,-1,-1,-1,-1,-1,-1,731,-1,-1,-1,-1,-1]
2023-03-01 17:52:23.680 m.b.ConsumeBolt Thread-14-consume-executor[2, 2] [INFO] input = [2,654,2292,-1,-1,-1,-1,-1,-1,732,-1,-1,-1,-1,-1]
2023-03-01 17:52:23.681 m.b.ConsumeBolt Thread-14-consume-executor[2, 2] [INFO] input = [2,659,2337,-1,-1,-1,-1,-1,-1,742,-1,-1,-1,-1,-1]
2023-03-01 17:52:23.681 m.b.ConsumeBolt Thread-14-consume-executor[2, 2] [INFO] input = [2,660,4821,-1,-1,-1,-1,-1,-1,744,-1,-1,-1,-1,-1]
2023-03-01 17:52:23.682 m.b.ConsumeBolt Thread-14-consume-executor[2, 2] [INFO] input = [2,661,3697,-1,-1,-1,-1,-1,-1,745,-1,-1,-1,-1,-1]
2023-03-01 17:52:23.682 m.b.ConsumeBolt Thread-14-consume-executor[2, 2] [INFO] input = [2,661,4838,-1,-1,-1,-1,-1,-1,746,-1,-1,-1,-1,-1]
2023-03-01 17:52:23.682 m.b.ConsumeBolt Thread-14-consume-executor[2, 2] [INFO] input = [2,661,2915,-1,-1,-1,-1,-1,-1,747,-1,-1,-1,-1,-1]
2023-03-01 17:52:23.683 m.b.ConsumeBolt Thread-14-consume-executor[2, 2] [INFO] input = [2,663,130,-1,-1,-1,-1,-1,-1,751,-1,-1,-1,-1,-1]
2023-03-01 17:52:23.684 m.b.ConsumeBolt Thread-14-consume-executor[2, 2] [INFO] input = [2,663,6696,-1,-1,-1,-1,-1,-1,752,-1,-1,-1,-1,-1]
2023-03-01 17:52:23.684 m.b.ConsumeBolt Thread-14-consume-executor[2, 2] [INFO] input = [2,665,4323,-1,-1,-1,-1,-1,-1,754,-1,-1,-1,-1,-1]
2023-03-01 17:52:23.684 m.b.ConsumeBolt Thread-14-consume-executor[2, 2] [INFO] input = [2,665,1853,-1,-1,-1,-1,-1,-1,755,-1,-1,-1,-1,-1]
2023-03-01 17:52:23.685 m.b.ConsumeBolt Thread-14-consume-executor[2, 2] [INFO] input = [2,665,891,-1,-1,-1,-1,-1,-1,757,-1,-1,-1,-1,-1]
2023-03-01 17:52:23.685 m.b.ConsumeBolt Thread-14-consume-executor[2, 2] [INFO] input = [2,668,3213,-1,-1,-1,-1,-1,-1,759,-1,-1,-1,-1,-1]
2023-03-01 17:52:23.685 m.b.ConsumeBolt Thread-14-consume-executor[2, 2] [INFO] input = [2,668,3750,-1,-1,-1,-1,-1,-1,761,-1,-1,-1,-1,-1]
2023-03-01 17:52:23.686 m.b.ConsumeBolt Thread-14-consume-executor[2, 2] [INFO] input = [2,669,572,-1,-1,-1,-1,-1,-1,762,-1,-1,-1,-1,-1]
2023-03-01 17:52:23.686 m.b.ConsumeBolt Thread-14-consume-executor[2, 2] [INFO] input = [2,670,1285,-1,-1,-1,-1,-1,-1,764,-1,-1,-1,-1,-1]
2023-03-01 17:52:23.686 m.b.ConsumeBolt Thread-14-consume-executor[2, 2] [INFO] input = [2,671,1915,-1,-1,-1,-1,-1,-1,765,-1,-1,-1,-1,-1]
2023-03-01 17:52:23.687 m.b.ConsumeBolt Thread-14-consume-executor[2, 2] [INFO] input = [2,671,2193,-1,-1,-1,-1,-1,-1,768,-1,-1,-1,-1,-1]
2023-03-01 17:52:23.687 m.b.ConsumeBolt Thread-14-consume-executor[2, 2] [INFO] input = [2,672,968,-1,-1,-1,-1,-1,-1,770,-1,-1,-1,-1,-1]
2023-03-01 17:52:23.687 m.b.ConsumeBolt Thread-14-consume-executor[2, 2] [INFO] input = [2,672,2197,-1,-1,-1,-1,-1,-1,771,-1,-1,-1,-1,-1]
2023-03-01 17:52:23.688 m.b.ConsumeBolt Thread-14-consume-executor[2, 2] [INFO] input = [2,673,3038,-1,-1,-1,-1,-1,-1,773,-1,-1,-1,-1,-1]
2023-03-01 17:52:23.688 m.b.ConsumeBolt Thread-14-consume-executor[2, 2] [INFO] input = [2,674,1351,-1,-1,-1,-1,-1,-1,775,-1,-1,-1,-1,-1]
2023-03-01 17:52:23.689 m.b.ConsumeBolt Thread-14-consume-executor[2, 2] [INFO] input = [2,675,2510,-1,-1,-1,-1,-1,-1,777,-1,-1,-1,-1,-1]
2023-03-01 17:52:23.689 m.b.ConsumeBolt Thread-14-consume-executor[2, 2] [INFO] input = [2,675,6497,-1,-1,-1,-1,-1,-1,778,-1,-1,-1,-1,-1]
2023-03-01 17:52:23.689 m.b.ConsumeBolt Thread-14-consume-executor[2, 2] [INFO] input = [2,677,302,-1,-1,-1,-1,-1,-1,780,-1,-1,-1,-1,-1]
2023-03-01 17:52:23.690 m.b.ConsumeBolt Thread-14-consume-executor[2, 2] [INFO] input = [2,677,2795,-1,-1,-1,-1,-1,-1,781,-1,-1,-1,-1,-1]
2023-03-01 17:52:23.690 m.b.ConsumeBolt Thread-14-consume-executor[2, 2] [INFO] input = [2,679,1049,-1,-1,-1,-1,-1,-1,783,-1,-1,-1,-1,-1]
2023-03-01 17:52:23.691 m.b.ConsumeBolt Thread-14-consume-executor[2, 2] [INFO] input = [2,680,4435,-1,-1,-1,-1,-1,-1,784,-1,-1,-1,-1,-1]
2023-03-01 17:52:23.691 m.b.ConsumeBolt Thread-14-consume-executor[2, 2] [INFO] input = [2,680,3602,-1,-1,-1,-1,-1,-1,785,-1,-1,-1,-1,-1]
2023-03-01 17:52:23.691 m.b.ConsumeBolt Thread-14-consume-executor[2, 2] [INFO] input = [2,681,5029,-1,-1,-1,-1,-1,-1,787,-1,-1,-1,-1,-1]
2023-03-01 17:52:23.691 m.b.ConsumeBolt Thread-14-consume-executor[2, 2] [INFO] input = [2,681,6243,-1,-1,-1,-1,-1,-1,788,-1,-1,-1,-1,-1]
2023-03-01 17:52:23.692 m.b.ConsumeBolt Thread-14-consume-executor[2, 2] [INFO] input = [2,682,3888,-1,-1,-1,-1,-1,-1,790,-1,-1,-1,-1,-1]
2023-03-01 17:52:23.694 m.b.ConsumeBolt Thread-14-consume-executor[2, 2] [INFO] input = [2,682,722,-1,-1,-1,-1,-1,-1,791,-1,-1,-1,-1,-1]
2023-03-01 17:52:23.695 m.b.ConsumeBolt Thread-14-consume-executor[2, 2] [INFO] input = [2,683,1439,-1,-1,-1,-1,-1,-1,792,-1,-1,-1,-1,-1]
2023-03-01 17:52:23.695 m.b.ConsumeBolt Thread-14-consume-executor[2, 2] [INFO] input = [2,683,4169,-1,-1,-1,-1,-1,-1,794,-1,-1,-1,-1,-1]
2023-03-01 17:52:23.696 m.b.ConsumeBolt Thread-14-consume-executor[2, 2] [INFO] input = [2,683,3353,-1,-1,-1,-1,-1,-1,795,-1,-1,-1,-1,-1]
2023-03-01 17:52:23.696 m.b.ConsumeBolt Thread-14-consume-executor[2, 2] [INFO] input = [2,685,6300,-1,-1,-1,-1,-1,-1,799,-1,-1,-1,-1,-1]
2023-03-01 17:52:23.696 m.b.ConsumeBolt Thread-14-consume-executor[2, 2] [INFO] input = [2,686,1126,-1,-1,-1,-1,-1,-1,800,-1,-1,-1,-1,-1]
2023-03-01 17:52:23.697 m.b.ConsumeBolt Thread-14-consume-executor[2, 2] [INFO] input = [2,687,4229,-1,-1,-1,-1,-1,-1,802,-1,-1,-1,-1,-1]
2023-03-01 17:52:23.697 m.b.ConsumeBolt Thread-14-consume-executor[2, 2] [INFO] input = [2,687,2318,-1,-1,-1,-1,-1,-1,805,-1,-1,-1,-1,-1]
2023-03-01 17:52:23.697 m.b.ConsumeBolt Thread-14-consume-executor[2, 2] [INFO] input = [2,688,4247,-1,-1,-1,-1,-1,-1,807,-1,-1,-1,-1,-1]
2023-03-01 17:52:23.698 m.b.ConsumeBolt Thread-14-consume-executor[2, 2] [INFO] input = [2,688,1151,-1,-1,-1,-1,-1,-1,809,-1,-1,-1,-1,-1]
2023-03-01 17:52:23.698 m.b.ConsumeBolt Thread-14-consume-executor[2, 2] [INFO] input = [2,689,2625,-1,-1,-1,-1,-1,-1,812,-1,-1,-1,-1,-1]
2023-03-01 17:52:23.698 m.b.ConsumeBolt Thread-14-consume-executor[2, 2] [INFO] input = [2,689,3407,-1,-1,-1,-1,-1,-1,813,-1,-1,-1,-1,-1]
2023-03-01 17:52:23.698 m.b.ConsumeBolt Thread-14-consume-executor[2, 2] [INFO] input = [2,691,1811,-1,-1,-1,-1,-1,-1,815,-1,-1,-1,-1,-1]
2023-03-01 17:52:23.699 m.b.ConsumeBolt Thread-14-consume-executor[2, 2] [INFO] input = [2,691,5134,-1,-1,-1,-1,-1,-1,816,-1,-1,-1,-1,-1]
2023-03-01 17:52:23.699 m.b.ConsumeBolt Thread-14-consume-executor[2, 2] [INFO] input = [2,691,5720,-1,-1,-1,-1,-1,-1,817,-1,-1,-1,-1,-1]
2023-03-01 17:52:23.700 m.b.ConsumeBolt Thread-14-consume-executor[2, 2] [INFO] input = [2,692,1201,-1,-1,-1,-1,-1,-1,820,-1,-1,-1,-1,-1]
2023-03-01 17:52:23.700 m.b.ConsumeBolt Thread-14-consume-executor[2, 2] [INFO] input = [2,693,3181,-1,-1,-1,-1,-1,-1,824,-1,-1,-1,-1,-1]
2023-03-01 17:52:23.700 m.b.ConsumeBolt Thread-14-consume-executor[2, 2] [INFO] input = [2,694,889,-1,-1,-1,-1,-1,-1,827,-1,-1,-1,-1,-1]
2023-03-01 17:52:23.701 m.b.ConsumeBolt Thread-14-consume-executor[2, 2] [INFO] input = [2,695,2144,-1,-1,-1,-1,-1,-1,829,-1,-1,-1,-1,-1]
2023-03-01 17:52:23.701 m.b.ConsumeBolt Thread-14-consume-executor[2, 2] [INFO] input = [2,695,6405,-1,-1,-1,-1,-1,-1,830,-1,-1,-1,-1,-1]
2023-03-01 17:52:23.701 m.b.ConsumeBolt Thread-14-consume-executor[2, 2] [INFO] input = [2,697,1568,-1,-1,-1,-1,-1,-1,832,-1,-1,-1,-1,-1]
2023-03-01 17:52:23.703 m.b.ConsumeBolt Thread-14-consume-executor[2, 2] [INFO] input = [2,699,205,-1,-1,-1,-1,-1,-1,835,-1,-1,-1,-1,-1]
2023-03-01 17:52:23.703 m.b.ConsumeBolt Thread-14-consume-executor[2, 2] [INFO] input = [2,699,6451,-1,-1,-1,-1,-1,-1,836,-1,-1,-1,-1,-1]
2023-03-01 17:52:23.703 m.b.ConsumeBolt Thread-14-consume-executor[2, 2] [INFO] input = [2,699,4917,-1,-1,-1,-1,-1,-1,837,-1,-1,-1,-1,-1]
2023-03-01 17:52:23.704 m.b.ConsumeBolt Thread-14-consume-executor[2, 2] [INFO] input = [2,701,6468,-1,-1,-1,-1,-1,-1,840,-1,-1,-1,-1,-1]
2023-03-01 17:52:23.704 m.b.ConsumeBolt Thread-14-consume-executor[2, 2] [INFO] input = [2,702,3776,-1,-1,-1,-1,-1,-1,842,-1,-1,-1,-1,-1]
2023-03-01 17:52:23.705 m.b.ConsumeBolt Thread-14-consume-executor[2, 2] [INFO] input = [2,703,4384,-1,-1,-1,-1,-1,-1,847,-1,-1,-1,-1,-1]
2023-03-01 17:52:23.705 m.b.ConsumeBolt Thread-14-consume-executor[2, 2] [INFO] input = [2,704,1949,-1,-1,-1,-1,-1,-1,849,-1,-1,-1,-1,-1]
2023-03-01 17:52:23.706 m.b.ConsumeBolt Thread-14-consume-executor[2, 2] [INFO] input = [2,705,4680,-1,-1,-1,-1,-1,-1,850,-1,-1,-1,-1,-1]
2023-03-01 17:52:23.706 m.b.ConsumeBolt Thread-14-consume-executor[2, 2] [INFO] input = [2,705,6170,-1,-1,-1,-1,-1,-1,852,-1,-1,-1,-1,-1]
2023-03-01 17:52:23.707 m.b.ConsumeBolt Thread-14-consume-executor[2, 2] [INFO] input = [2,706,7130,-1,-1,-1,-1,-1,-1,853,-1,-1,-1,-1,-1]
2023-03-01 17:52:23.707 m.b.ConsumeBolt Thread-14-consume-executor[2, 2] [INFO] input = [2,706,5867,-1,-1,-1,-1,-1,-1,854,-1,-1,-1,-1,-1]
2023-03-01 17:52:23.707 m.b.ConsumeBolt Thread-14-consume-executor[2, 2] [INFO] input = [2,706,656,-1,-1,-1,-1,-1,-1,857,-1,-1,-1,-1,-1]
2023-03-01 17:52:23.708 m.b.ConsumeBolt Thread-14-consume-executor[2, 2] [INFO] input = [2,708,1683,-1,-1,-1,-1,-1,-1,862,-1,-1,-1,-1,-1]
2023-03-01 17:52:23.709 m.b.ConsumeBolt Thread-14-consume-executor[2, 2] [INFO] input = [2,708,3305,-1,-1,-1,-1,-1,-1,863,-1,-1,-1,-1,-1]
2023-03-01 17:52:23.709 m.b.ConsumeBolt Thread-14-consume-executor[2, 2] [INFO] input = [2,709,3079,-1,-1,-1,-1,-1,-1,867,-1,-1,-1,-1,-1]
2023-03-01 17:52:23.710 m.b.ConsumeBolt Thread-14-consume-executor[2, 2] [INFO] input = [2,711,7169,-1,-1,-1,-1,-1,-1,870,-1,-1,-1,-1,-1]
2023-03-01 17:52:23.710 m.b.ConsumeBolt Thread-14-consume-executor[2, 2] [INFO] input = [2,712,2278,-1,-1,-1,-1,-1,-1,875,-1,-1,-1,-1,-1]
2023-03-01 17:52:23.711 m.b.ConsumeBolt Thread-14-consume-executor[2, 2] [INFO] input = [2,712,6584,-1,-1,-1,-1,-1,-1,876,-1,-1,-1,-1,-1]
2023-03-01 17:52:23.711 m.b.ConsumeBolt Thread-14-consume-executor[2, 2] [INFO] input = [2,713,5640,-1,-1,-1,-1,-1,-1,878,-1,-1,-1,-1,-1]
2023-03-01 17:52:23.712 m.b.ConsumeBolt Thread-14-consume-executor[2, 2] [INFO] input = [2,714,1743,-1,-1,-1,-1,-1,-1,880,-1,-1,-1,-1,-1]
2023-03-01 17:52:23.712 m.b.ConsumeBolt Thread-14-consume-executor[2, 2] [INFO] input = [2,715,4191,-1,-1,-1,-1,-1,-1,883,-1,-1,-1,-1,-1]
2023-03-01 17:52:23.712 m.b.ConsumeBolt Thread-14-consume-executor[2, 2] [INFO] input = [2,716,4217,-1,-1,-1,-1,-1,-1,884,-1,-1,-1,-1,-1]
2023-03-01 17:52:23.713 m.b.ConsumeBolt Thread-14-consume-executor[2, 2] [INFO] input = [2,717,3387,-1,-1,-1,-1,-1,-1,886,-1,-1,-1,-1,-1]
2023-03-01 17:52:23.713 m.b.ConsumeBolt Thread-14-consume-executor[2, 2] [INFO] input = [2,720,3962,-1,-1,-1,-1,-1,-1,890,-1,-1,-1,-1,-1]
2023-03-01 17:52:23.714 m.b.ConsumeBolt Thread-14-consume-executor[2, 2] [INFO] input = [2,720,6008,-1,-1,-1,-1,-1,-1,891,-1,-1,-1,-1,-1]
2023-03-01 17:52:23.714 m.b.ConsumeBolt Thread-14-consume-executor[2, 2] [INFO] input = [2,720,2343,-1,-1,-1,-1,-1,-1,892,-1,-1,-1,-1,-1]
2023-03-01 17:52:23.714 m.b.ConsumeBolt Thread-14-consume-executor[2, 2] [INFO] input = [2,720,4827,-1,-1,-1,-1,-1,-1,893,-1,-1,-1,-1,-1]
2023-03-01 17:52:23.714 m.b.ConsumeBolt Thread-14-consume-executor[2, 2] [INFO] input = [2,720,820,-1,-1,-1,-1,-1,-1,894,-1,-1,-1,-1,-1]
2023-03-01 17:52:23.715 m.b.ConsumeBolt Thread-14-consume-executor[2, 2] [INFO] input = [2,720,1511,-1,-1,-1,-1,-1,-1,895,-1,-1,-1,-1,-1]
2023-03-01 17:52:23.715 m.b.ConsumeBolt Thread-14-consume-executor[2, 2] [INFO] input = [2,721,3687,-1,-1,-1,-1,-1,-1,897,-1,-1,-1,-1,-1]
2023-03-01 17:52:23.715 m.b.ConsumeBolt Thread-14-consume-executor[2, 2] [INFO] input = [2,723,6699,-1,-1,-1,-1,-1,-1,902,-1,-1,-1,-1,-1]
2023-03-01 17:52:23.715 m.b.ConsumeBolt Thread-14-consume-executor[2, 2] [INFO] input = [2,725,4311,-1,-1,-1,-1,-1,-1,905,-1,-1,-1,-1,-1]
2023-03-01 17:52:23.716 m.b.ConsumeBolt Thread-14-consume-executor[2, 2] [INFO] input = [2,725,3464,-1,-1,-1,-1,-1,-1,906,-1,-1,-1,-1,-1]
2023-03-01 17:52:23.716 m.b.ConsumeBolt Thread-14-consume-executor[2, 2] [INFO] input = [2,726,7018,-1,-1,-1,-1,-1,-1,907,-1,-1,-1,-1,-1]
2023-03-01 17:52:23.716 m.b.ConsumeBolt Thread-14-consume-executor[2, 2] [INFO] input = [2,728,4909,-1,-1,-1,-1,-1,-1,908,-1,-1,-1,-1,-1]
2023-03-01 17:52:23.716 m.b.ConsumeBolt Thread-14-consume-executor[2, 2] [INFO] input = [2,728,7362,-1,-1,-1,-1,-1,-1,909,-1,-1,-1,-1,-1]
2023-03-01 17:52:23.717 m.b.ConsumeBolt Thread-14-consume-executor[2, 2] [INFO] input = [2,729,1894,-1,-1,-1,-1,-1,-1,912,-1,-1,-1,-1,-1]
2023-03-01 17:52:23.717 m.b.ConsumeBolt Thread-14-consume-executor[2, 2] [INFO] input = [2,731,4647,-1,-1,-1,-1,-1,-1,917,-1,-1,-1,-1,-1]
2023-03-01 17:52:23.717 m.b.ConsumeBolt Thread-14-consume-executor[2, 2] [INFO] input = [2,731,2461,-1,-1,-1,-1,-1,-1,918,-1,-1,-1,-1,-1]
2023-03-01 17:52:23.718 m.b.ConsumeBolt Thread-14-consume-executor[2, 2] [INFO] input = [2,731,3767,-1,-1,-1,-1,-1,-1,919,-1,-1,-1,-1,-1]
2023-03-01 17:52:23.718 m.b.ConsumeBolt Thread-14-consume-executor[2, 2] [INFO] input = [2,733,3790,-1,-1,-1,-1,-1,-1,924,-1,-1,-1,-1,-1]
2023-03-01 17:52:23.718 m.b.ConsumeBolt Thread-14-consume-executor[2, 2] [INFO] input = [2,733,2475,-1,-1,-1,-1,-1,-1,925,-1,-1,-1,-1,-1]
2023-03-01 17:52:23.719 m.b.ConsumeBolt Thread-14-consume-executor[2, 2] [INFO] input = [2,733,6792,-1,-1,-1,-1,-1,-1,926,-1,-1,-1,-1,-1]
2023-03-01 17:52:23.720 m.b.ConsumeBolt Thread-14-consume-executor[2, 2] [INFO] input = [2,735,1963,-1,-1,-1,-1,-1,-1,928,-1,-1,-1,-1,-1]
2023-03-01 17:52:23.720 m.b.ConsumeBolt Thread-14-consume-executor[2, 2] [INFO] input = [2,736,287,-1,-1,-1,-1,-1,-1,929,-1,-1,-1,-1,-1]
2023-03-01 17:52:23.720 m.b.ConsumeBolt Thread-14-consume-executor[2, 2] [INFO] input = [2,736,7130,-1,-1,-1,-1,-1,-1,930,-1,-1,-1,-1,-1]
2023-03-01 17:52:23.721 m.b.ConsumeBolt Thread-14-consume-executor[2, 2] [INFO] input = [2,737,4419,-1,-1,-1,-1,-1,-1,932,-1,-1,-1,-1,-1]
